This file contains any messages produced by compilers while
running configure, to aid debugging if configure makes a mistake.

It was created by OpenModelica Exported FMU configure dev, which was
generated by GNU Autoconf 2.69.  Invocation command line was

  $ ./configure --with-dynamic-om-runtime CC=gcc CFLAGS=-fPIC -O0 -falign-functions -march=native  LDFLAGS=-L/usr/local/lib/x86_64-linux-gnu/omc -Wl,-rpath,/usr/local/lib/x86_64-linux-gnu/omc   -lSimulationRuntimeC  -llapack -lblas   -lm -lomcgc -lpthread -rdynamic -Wl,--no-undefined

## --------- ##
## Platform. ##
## --------- ##

hostname = ubuntu
uname -m = x86_64
uname -r = 3.19.0-43-generic
uname -s = Linux
uname -v = #49~14.04.1-Ubuntu SMP Thu Dec 31 15:44:49 UTC 2015

/usr/bin/uname -p = unknown
/bin/uname -X     = unknown

/bin/arch              = unknown
/usr/bin/arch -k       = unknown
/usr/convex/getsysinfo = unknown
/usr/bin/hostinfo      = unknown
/bin/machine           = unknown
/usr/bin/oslevel       = unknown
/bin/universe          = unknown

PATH: /usr/local/sbin
PATH: /usr/local/bin
PATH: /usr/sbin
PATH: /usr/bin
PATH: /sbin
PATH: /bin
PATH: /usr/games
PATH: /usr/local/games


## ----------- ##
## Core tests. ##
## ----------- ##

configure:2118: checking build system type
configure:2132: result: x86_64-unknown-linux-gnu
configure:2152: checking host system type
configure:2165: result: x86_64-unknown-linux-gnu
configure:2185: checking target system type
configure:2198: result: x86_64-unknown-linux-gnu
configure:2287: checking for gcc
configure:2314: result: gcc
configure:2543: checking for C compiler version
configure:2552: gcc --version >&5
gcc (Ubuntu 4.8.4-2ubuntu1~14.04) 4.8.4
Copyright (C) 2013 Free Software Foundation, Inc.
This is free software; see the source for copying conditions.  There is NO
warranty; not even for MERCHANTABILITY or FITNESS FOR A PARTICULAR PURPOSE.

configure:2563: $? = 0
configure:2552: gcc -v >&5
Using built-in specs.
COLLECT_GCC=gcc
COLLECT_LTO_WRAPPER=/usr/lib/gcc/x86_64-linux-gnu/4.8/lto-wrapper
Target: x86_64-linux-gnu
Configured with: ../src/configure -v --with-pkgversion='Ubuntu 4.8.4-2ubuntu1~14.04' --with-bugurl=file:///usr/share/doc/gcc-4.8/README.Bugs --enable-languages=c,c++,java,go,d,fortran,objc,obj-c++ --prefix=/usr --program-suffix=-4.8 --enable-shared --enable-linker-build-id --libexecdir=/usr/lib --without-included-gettext --enable-threads=posix --with-gxx-include-dir=/usr/include/c++/4.8 --libdir=/usr/lib --enable-nls --with-sysroot=/ --enable-clocale=gnu --enable-libstdcxx-debug --enable-libstdcxx-time=yes --enable-gnu-unique-object --disable-libmudflap --enable-plugin --with-system-zlib --disable-browser-plugin --enable-java-awt=gtk --enable-gtk-cairo --with-java-home=/usr/lib/jvm/java-1.5.0-gcj-4.8-amd64/jre --enable-java-home --with-jvm-root-dir=/usr/lib/jvm/java-1.5.0-gcj-4.8-amd64 --with-jvm-jar-dir=/usr/lib/jvm-exports/java-1.5.0-gcj-4.8-amd64 --with-arch-directory=amd64 --with-ecj-jar=/usr/share/java/eclipse-ecj.jar --enable-objc-gc --enable-multiarch --disable-werror --with-arch-32=i686 --with-abi=m64 --with-multilib-list=m32,m64,mx32 --with-tune=generic --enable-checking=release --build=x86_64-linux-gnu --host=x86_64-linux-gnu --target=x86_64-linux-gnu
Thread model: posix
gcc version 4.8.4 (Ubuntu 4.8.4-2ubuntu1~14.04) 
configure:2563: $? = 0
configure:2552: gcc -V >&5
gcc: error: unrecognized command line option '-V'
gcc: fatal error: no input files
compilation terminated.
configure:2563: $? = 4
configure:2552: gcc -qversion >&5
gcc: error: unrecognized command line option '-qversion'
gcc: fatal error: no input files
compilation terminated.
configure:2563: $? = 4
configure:2583: checking whether the C compiler works
configure:2605: gcc -fPIC -O0 -falign-functions -march=native   -L/usr/local/lib/x86_64-linux-gnu/omc -Wl,-rpath,/usr/local/lib/x86_64-linux-gnu/omc   -lSimulationRuntimeC  -llapack -lblas   -lm -lomcgc -lpthread -rdynamic -Wl,--no-undefined conftest.c  >&5
configure:2609: $? = 0
configure:2657: result: yes
configure:2660: checking for C compiler default output file name
configure:2662: result: a.out
configure:2668: checking for suffix of executables
configure:2675: gcc -o conftest -fPIC -O0 -falign-functions -march=native   -L/usr/local/lib/x86_64-linux-gnu/omc -Wl,-rpath,/usr/local/lib/x86_64-linux-gnu/omc   -lSimulationRuntimeC  -llapack -lblas   -lm -lomcgc -lpthread -rdynamic -Wl,--no-undefined conftest.c  >&5
configure:2679: $? = 0
configure:2701: result: 
configure:2723: checking whether we are cross compiling
configure:2731: gcc -o conftest -fPIC -O0 -falign-functions -march=native   -L/usr/local/lib/x86_64-linux-gnu/omc -Wl,-rpath,/usr/local/lib/x86_64-linux-gnu/omc   -lSimulationRuntimeC  -llapack -lblas   -lm -lomcgc -lpthread -rdynamic -Wl,--no-undefined conftest.c  >&5
configure:2735: $? = 0
configure:2742: ./conftest
configure:2746: $? = 0
configure:2761: result: no
configure:2766: checking for suffix of object files
configure:2788: gcc -c -fPIC -O0 -falign-functions -march=native   conftest.c >&5
configure:2792: $? = 0
configure:2813: result: o
configure:2817: checking whether we are using the GNU C compiler
configure:2836: gcc -c -fPIC -O0 -falign-functions -march=native   conftest.c >&5
configure:2836: $? = 0
configure:2845: result: yes
configure:2854: checking whether gcc accepts -g
configure:2874: gcc -c -g  conftest.c >&5
configure:2874: $? = 0
configure:2915: result: yes
configure:2932: checking for gcc option to accept ISO C89
configure:2995: gcc  -c -fPIC -O0 -falign-functions -march=native   conftest.c >&5
configure:2995: $? = 0
configure:3008: result: none needed
configure:3033: checking how to run the C preprocessor
configure:3064: gcc -E  conftest.c
configure:3064: $? = 0
configure:3078: gcc -E  conftest.c
conftest.c:9:28: fatal error: ac_nonexistent.h: No such file or directory
 #include <ac_nonexistent.h>
                            ^
compilation terminated.
configure:3078: $? = 1
configure: failed program was:
| /* confdefs.h */
| #define PACKAGE_NAME "OpenModelica Exported FMU"
| #define PACKAGE_TARNAME "openmodelica"
| #define PACKAGE_VERSION "dev"
| #define PACKAGE_STRING "OpenModelica Exported FMU dev"
| #define PACKAGE_BUGREPORT "https://trac.openmodelica.org/OpenModelica"
| #define PACKAGE_URL "https://openmodelica.org"
| /* end confdefs.h.  */
| #include <ac_nonexistent.h>
configure:3103: result: gcc -E
configure:3123: gcc -E  conftest.c
configure:3123: $? = 0
configure:3137: gcc -E  conftest.c
conftest.c:9:28: fatal error: ac_nonexistent.h: No such file or directory
 #include <ac_nonexistent.h>
                            ^
compilation terminated.
configure:3137: $? = 1
configure: failed program was:
| /* confdefs.h */
| #define PACKAGE_NAME "OpenModelica Exported FMU"
| #define PACKAGE_TARNAME "openmodelica"
| #define PACKAGE_VERSION "dev"
| #define PACKAGE_STRING "OpenModelica Exported FMU dev"
| #define PACKAGE_BUGREPORT "https://trac.openmodelica.org/OpenModelica"
| #define PACKAGE_URL "https://openmodelica.org"
| /* end confdefs.h.  */
| #include <ac_nonexistent.h>
configure:3165: checking whether make sets $(MAKE)
configure:3187: result: yes
configure:3197: checking for cross-compilation flags
configure:3201: result: not cross-compiling
configure:3313: checking looking for --no-undefined
configure:3326: gcc -o conftest -fPIC -O0 -falign-functions -march=native   -L/usr/local/lib/x86_64-linux-gnu/omc -Wl,-rpath,/usr/local/lib/x86_64-linux-gnu/omc   -lSimulationRuntimeC  -llapack -lblas   -lm -lomcgc -lpthread -rdynamic -Wl,--no-undefined -Wl,--no-undefined conftest.c  >&5
configure:3326: $? = 0
configure:3327: result: yes
configure:3338: checking if -Werror works
configure:3351: gcc -o conftest -fPIC -O0 -falign-functions -march=native  -Werror  -L/usr/local/lib/x86_64-linux-gnu/omc -Wl,-rpath,/usr/local/lib/x86_64-linux-gnu/omc   -lSimulationRuntimeC  -llapack -lblas   -lm -lomcgc -lpthread -rdynamic -Wl,--no-undefined -Wl,--no-undefined conftest.c  >&5
configure:3351: $? = 0
configure:3352: result: ok
configure:3380: gcc -o conftest  -fno-stack-protector -Werror  -L/usr/local/lib/x86_64-linux-gnu/omc -Wl,-rpath,/usr/local/lib/x86_64-linux-gnu/omc   -lSimulationRuntimeC  -llapack -lblas   -lm -lomcgc -lpthread -rdynamic -Wl,--no-undefined -Wl,--no-undefined -shared conftest.c  >&5
configure:3380: $? = 0
configure:3380: gcc -o conftest  -Wno-parentheses-equality -Werror  -L/usr/local/lib/x86_64-linux-gnu/omc -Wl,-rpath,/usr/local/lib/x86_64-linux-gnu/omc   -lSimulationRuntimeC  -llapack -lblas   -lm -lomcgc -lpthread -rdynamic -Wl,--no-undefined -Wl,--no-undefined -shared conftest.c  >&5
configure:3380: $? = 0
configure:3380: gcc -o conftest  -Wno-unused-variable -Werror  -L/usr/local/lib/x86_64-linux-gnu/omc -Wl,-rpath,/usr/local/lib/x86_64-linux-gnu/omc   -lSimulationRuntimeC  -llapack -lblas   -lm -lomcgc -lpthread -rdynamic -Wl,--no-undefined -Wl,--no-undefined -shared conftest.c  >&5
configure:3380: $? = 0
configure:3380: gcc -o conftest  -fPIC -Werror  -L/usr/local/lib/x86_64-linux-gnu/omc -Wl,-rpath,/usr/local/lib/x86_64-linux-gnu/omc   -lSimulationRuntimeC  -llapack -lblas   -lm -lomcgc -lpthread -rdynamic -Wl,--no-undefined -Wl,--no-undefined -shared conftest.c  >&5
configure:3380: $? = 0
configure:3404: gcc -o conftest -fPIC -O0 -falign-functions -march=native  -fno-stack-protector -Wno-parentheses-equality -Wno-unused-variable -fPIC  -L/usr/local/lib/x86_64-linux-gnu/omc -Wl,-rpath,/usr/local/lib/x86_64-linux-gnu/omc   -lSimulationRuntimeC  -llapack -lblas   -lm -lomcgc -lpthread -rdynamic -Wl,--no-undefined -Wl,--no-undefined -shared -static-libgcc conftest.c  >&5
configure:3404: $? = 0
configure:3445: checking for grep that handles long lines and -e
configure:3503: result: /bin/grep
configure:3508: checking for egrep
configure:3570: result: /bin/grep -E
configure:3575: checking for ANSI C header files
configure:3595: gcc -c -fPIC -O0 -falign-functions -march=native  -fno-stack-protector -Wno-parentheses-equality -Wno-unused-variable -fPIC  conftest.c >&5
configure:3595: $? = 0
configure:3668: gcc -o conftest -fPIC -O0 -falign-functions -march=native  -fno-stack-protector -Wno-parentheses-equality -Wno-unused-variable -fPIC  -L/usr/local/lib/x86_64-linux-gnu/omc -Wl,-rpath,/usr/local/lib/x86_64-linux-gnu/omc   -lSimulationRuntimeC  -llapack -lblas   -lm -lomcgc -lpthread -rdynamic -Wl,--no-undefined -Wl,--no-undefined -shared -static-libgcc conftest.c  >&5
configure:3668: $? = 0
configure:3668: ./conftest
./configure: line 1558: 25857 Segmentation fault      (core dumped) ./conftest$ac_exeext
configure:3668: $? = 139
configure: program exited with status 139
configure: failed program was:
| /* confdefs.h */
| #define PACKAGE_NAME "OpenModelica Exported FMU"
| #define PACKAGE_TARNAME "openmodelica"
| #define PACKAGE_VERSION "dev"
| #define PACKAGE_STRING "OpenModelica Exported FMU dev"
| #define PACKAGE_BUGREPORT "https://trac.openmodelica.org/OpenModelica"
| #define PACKAGE_URL "https://openmodelica.org"
| /* end confdefs.h.  */
| #include <ctype.h>
| #include <stdlib.h>
| #if ((' ' & 0x0FF) == 0x020)
| # define ISLOWER(c) ('a' <= (c) && (c) <= 'z')
| # define TOUPPER(c) (ISLOWER(c) ? 'A' + ((c) - 'a') : (c))
| #else
| # define ISLOWER(c) 		   (('a' <= (c) && (c) <= 'i') 		     || ('j' <= (c) && (c) <= 'r') 		     || ('s' <= (c) && (c) <= 'z'))
| # define TOUPPER(c) (ISLOWER(c) ? ((c) | 0x40) : (c))
| #endif
| 
| #define XOR(e, f) (((e) && !(f)) || (!(e) && (f)))
| int
| main ()
| {
|   int i;
|   for (i = 0; i < 256; i++)
|     if (XOR (islower (i), ISLOWER (i))
| 	|| toupper (i) != TOUPPER (i))
|       return 2;
|   return 0;
| }
configure:3679: result: no
configure:3688: checking for an ANSI C-conforming const
configure:3754: gcc -c -fPIC -O0 -falign-functions -march=native  -fno-stack-protector -Wno-parentheses-equality -Wno-unused-variable -fPIC  conftest.c >&5
configure:3754: $? = 0
configure:3761: result: yes
configure:3774: checking for sys/types.h
configure:3774: gcc -c -fPIC -O0 -falign-functions -march=native  -fno-stack-protector -Wno-parentheses-equality -Wno-unused-variable -fPIC  conftest.c >&5
configure:3774: $? = 0
configure:3774: result: yes
configure:3774: checking for sys/stat.h
configure:3774: gcc -c -fPIC -O0 -falign-functions -march=native  -fno-stack-protector -Wno-parentheses-equality -Wno-unused-variable -fPIC  conftest.c >&5
configure:3774: $? = 0
configure:3774: result: yes
configure:3774: checking for stdlib.h
configure:3774: gcc -c -fPIC -O0 -falign-functions -march=native  -fno-stack-protector -Wno-parentheses-equality -Wno-unused-variable -fPIC  conftest.c >&5
configure:3774: $? = 0
configure:3774: result: yes
configure:3774: checking for string.h
configure:3774: gcc -c -fPIC -O0 -falign-functions -march=native  -fno-stack-protector -Wno-parentheses-equality -Wno-unused-variable -fPIC  conftest.c >&5
configure:3774: $? = 0
configure:3774: result: yes
configure:3774: checking for memory.h
configure:3774: gcc -c -fPIC -O0 -falign-functions -march=native  -fno-stack-protector -Wno-parentheses-equality -Wno-unused-variable -fPIC  conftest.c >&5
configure:3774: $? = 0
configure:3774: result: yes
configure:3774: checking for strings.h
configure:3774: gcc -c -fPIC -O0 -falign-functions -march=native  -fno-stack-protector -Wno-parentheses-equality -Wno-unused-variable -fPIC  conftest.c >&5
configure:3774: $? = 0
configure:3774: result: yes
configure:3774: checking for inttypes.h
configure:3774: gcc -c -fPIC -O0 -falign-functions -march=native  -fno-stack-protector -Wno-parentheses-equality -Wno-unused-variable -fPIC  conftest.c >&5
configure:3774: $? = 0
configure:3774: result: yes
configure:3774: checking for stdint.h
configure:3774: gcc -c -fPIC -O0 -falign-functions -march=native  -fno-stack-protector -Wno-parentheses-equality -Wno-unused-variable -fPIC  conftest.c >&5
configure:3774: $? = 0
configure:3774: result: yes
configure:3774: checking for unistd.h
configure:3774: gcc -c -fPIC -O0 -falign-functions -march=native  -fno-stack-protector -Wno-parentheses-equality -Wno-unused-variable -fPIC  conftest.c >&5
configure:3774: $? = 0
configure:3774: result: yes
configure:3786: checking for size_t
configure:3786: gcc -c -fPIC -O0 -falign-functions -march=native  -fno-stack-protector -Wno-parentheses-equality -Wno-unused-variable -fPIC  conftest.c >&5
configure:3786: $? = 0
configure:3786: gcc -c -fPIC -O0 -falign-functions -march=native  -fno-stack-protector -Wno-parentheses-equality -Wno-unused-variable -fPIC  conftest.c >&5
conftest.c: In function 'main':
conftest.c:54:21: error: expected expression before ')' token
 if (sizeof ((size_t)))
                     ^
conftest.c: At top level:
cc1: warning: unrecognized command line option "-Wno-parentheses-equality" [enabled by default]
configure:3786: $? = 1
configure: failed program was:
| /* confdefs.h */
| #define PACKAGE_NAME "OpenModelica Exported FMU"
| #define PACKAGE_TARNAME "openmodelica"
| #define PACKAGE_VERSION "dev"
| #define PACKAGE_STRING "OpenModelica Exported FMU dev"
| #define PACKAGE_BUGREPORT "https://trac.openmodelica.org/OpenModelica"
| #define PACKAGE_URL "https://openmodelica.org"
| #define HAVE_SYS_TYPES_H 1
| #define HAVE_SYS_STAT_H 1
| #define HAVE_STDLIB_H 1
| #define HAVE_STRING_H 1
| #define HAVE_MEMORY_H 1
| #define HAVE_STRINGS_H 1
| #define HAVE_INTTYPES_H 1
| #define HAVE_STDINT_H 1
| #define HAVE_UNISTD_H 1
| /* end confdefs.h.  */
| #include <stdio.h>
| #ifdef HAVE_SYS_TYPES_H
| # include <sys/types.h>
| #endif
| #ifdef HAVE_SYS_STAT_H
| # include <sys/stat.h>
| #endif
| #ifdef STDC_HEADERS
| # include <stdlib.h>
| # include <stddef.h>
| #else
| # ifdef HAVE_STDLIB_H
| #  include <stdlib.h>
| # endif
| #endif
| #ifdef HAVE_STRING_H
| # if !defined STDC_HEADERS && defined HAVE_MEMORY_H
| #  include <memory.h>
| # endif
| # include <string.h>
| #endif
| #ifdef HAVE_STRINGS_H
| # include <strings.h>
| #endif
| #ifdef HAVE_INTTYPES_H
| # include <inttypes.h>
| #endif
| #ifdef HAVE_STDINT_H
| # include <stdint.h>
| #endif
| #ifdef HAVE_UNISTD_H
| # include <unistd.h>
| #endif
| int
| main ()
| {
| if (sizeof ((size_t)))
| 	    return 0;
|   ;
|   return 0;
| }
configure:3786: result: yes
configure:3800: checking for vprintf
configure:3800: gcc -o conftest -fPIC -O0 -falign-functions -march=native  -fno-stack-protector -Wno-parentheses-equality -Wno-unused-variable -fPIC  -L/usr/local/lib/x86_64-linux-gnu/omc -Wl,-rpath,/usr/local/lib/x86_64-linux-gnu/omc   -lSimulationRuntimeC  -llapack -lblas   -lm -lomcgc -lpthread -rdynamic -Wl,--no-undefined -Wl,--no-undefined -shared -static-libgcc conftest.c  >&5
conftest.c:41:6: warning: conflicting types for built-in function 'vprintf' [enabled by default]
 char vprintf ();
      ^
cc1: warning: unrecognized command line option "-Wno-parentheses-equality" [enabled by default]
configure:3800: $? = 0
configure:3800: result: yes
configure:3806: checking for _doprnt
configure:3806: gcc -o conftest -fPIC -O0 -falign-functions -march=native  -fno-stack-protector -Wno-parentheses-equality -Wno-unused-variable -fPIC  -L/usr/local/lib/x86_64-linux-gnu/omc -Wl,-rpath,/usr/local/lib/x86_64-linux-gnu/omc   -lSimulationRuntimeC  -llapack -lblas   -lm -lomcgc -lpthread -rdynamic -Wl,--no-undefined -Wl,--no-undefined -shared -static-libgcc conftest.c  >&5
/tmp/ccWpd6bD.o: In function `main':
conftest.c:(.text+0xa): undefined reference to `_doprnt'
collect2: error: ld returned 1 exit status
configure:3806: $? = 1
configure: failed program was:
| /* confdefs.h */
| #define PACKAGE_NAME "OpenModelica Exported FMU"
| #define PACKAGE_TARNAME "openmodelica"
| #define PACKAGE_VERSION "dev"
| #define PACKAGE_STRING "OpenModelica Exported FMU dev"
| #define PACKAGE_BUGREPORT "https://trac.openmodelica.org/OpenModelica"
| #define PACKAGE_URL "https://openmodelica.org"
| #define HAVE_SYS_TYPES_H 1
| #define HAVE_SYS_STAT_H 1
| #define HAVE_STDLIB_H 1
| #define HAVE_STRING_H 1
| #define HAVE_MEMORY_H 1
| #define HAVE_STRINGS_H 1
| #define HAVE_INTTYPES_H 1
| #define HAVE_STDINT_H 1
| #define HAVE_UNISTD_H 1
| #define HAVE_VPRINTF 1
| /* end confdefs.h.  */
| /* Define _doprnt to an innocuous variant, in case <limits.h> declares _doprnt.
|    For example, HP-UX 11i <limits.h> declares gettimeofday.  */
| #define _doprnt innocuous__doprnt
| 
| /* System header to define __stub macros and hopefully few prototypes,
|     which can conflict with char _doprnt (); below.
|     Prefer <limits.h> to <assert.h> if __STDC__ is defined, since
|     <limits.h> exists even on freestanding compilers.  */
| 
| #ifdef __STDC__
| # include <limits.h>
| #else
| # include <assert.h>
| #endif
| 
| #undef _doprnt
| 
| /* Override any GCC internal prototype to avoid an error.
|    Use char because int might match the return type of a GCC
|    builtin and then its argument prototype would still apply.  */
| #ifdef __cplusplus
| extern "C"
| #endif
| char _doprnt ();
| /* The GNU C library defines this for functions which it implements
|     to always fail with ENOSYS.  Some functions are actually named
|     something starting with __ and the normal name is an alias.  */
| #if defined __stub__doprnt || defined __stub____doprnt
| choke me
| #endif
| 
| int
| main ()
| {
| return _doprnt ();
|   ;
|   return 0;
| }
configure:3806: result: no
configure:3820: checking for strdup
configure:3820: gcc -o conftest -fPIC -O0 -falign-functions -march=native  -fno-stack-protector -Wno-parentheses-equality -Wno-unused-variable -fPIC  -L/usr/local/lib/x86_64-linux-gnu/omc -Wl,-rpath,/usr/local/lib/x86_64-linux-gnu/omc   -lSimulationRuntimeC  -llapack -lblas   -lm -lomcgc -lpthread -rdynamic -Wl,--no-undefined -Wl,--no-undefined -shared -static-libgcc conftest.c  >&5
conftest.c:42:6: warning: conflicting types for built-in function 'strdup' [enabled by default]
 char strdup ();
      ^
cc1: warning: unrecognized command line option "-Wno-parentheses-equality" [enabled by default]
configure:3820: $? = 0
configure:3820: result: yes
configure:3820: checking for strerror
configure:3820: gcc -o conftest -fPIC -O0 -falign-functions -march=native  -fno-stack-protector -Wno-parentheses-equality -Wno-unused-variable -fPIC  -L/usr/local/lib/x86_64-linux-gnu/omc -Wl,-rpath,/usr/local/lib/x86_64-linux-gnu/omc   -lSimulationRuntimeC  -llapack -lblas   -lm -lomcgc -lpthread -rdynamic -Wl,--no-undefined -Wl,--no-undefined -shared -static-libgcc conftest.c  >&5
configure:3820: $? = 0
configure:3820: result: yes
configure:3856: checking LAPACK/BLAS flags
configure:3890: gcc -o conftest -fPIC -O0 -falign-functions -march=native  -fno-stack-protector -Wno-parentheses-equality -Wno-unused-variable -fPIC  -L/usr/local/lib/x86_64-linux-gnu/omc -Wl,-rpath,/usr/local/lib/x86_64-linux-gnu/omc   -lSimulationRuntimeC  -llapack -lblas   -lm -lomcgc -lpthread -rdynamic -Wl,--no-undefined -Wl,--no-undefined -shared -static-libgcc conftest.c -shared -Wl,-Bstatic -lopenblas  -Wl,-Bdynamic -Wl,--no-undefined >&5
/usr/bin/ld: cannot find -lopenblas
collect2: error: ld returned 1 exit status
configure:3890: $? = 1
configure: failed program was:
| /* confdefs.h */
| #define PACKAGE_NAME "OpenModelica Exported FMU"
| #define PACKAGE_TARNAME "openmodelica"
| #define PACKAGE_VERSION "dev"
| #define PACKAGE_STRING "OpenModelica Exported FMU dev"
| #define PACKAGE_BUGREPORT "https://trac.openmodelica.org/OpenModelica"
| #define PACKAGE_URL "https://openmodelica.org"
| #define HAVE_SYS_TYPES_H 1
| #define HAVE_SYS_STAT_H 1
| #define HAVE_STDLIB_H 1
| #define HAVE_STRING_H 1
| #define HAVE_MEMORY_H 1
| #define HAVE_STRINGS_H 1
| #define HAVE_INTTYPES_H 1
| #define HAVE_STDINT_H 1
| #define HAVE_UNISTD_H 1
| #define HAVE_VPRINTF 1
| #define HAVE_STRDUP 1
| #define HAVE_STRERROR 1
| /* end confdefs.h.  */
| 
| /* Override any GCC internal prototype to avoid an error.
|    Use char because int might match the return type of a GCC
|    builtin and then its argument prototype would still apply.  */
| #ifdef __cplusplus
| extern "C"
| #endif
| char dgesv_ ();
| int
| main ()
| {
| return dgesv_ ();
|   ;
|   return 0;
| }
configure:3890: gcc -o conftest -fPIC -O0 -falign-functions -march=native  -fno-stack-protector -Wno-parentheses-equality -Wno-unused-variable -fPIC  -L/usr/local/lib/x86_64-linux-gnu/omc -Wl,-rpath,/usr/local/lib/x86_64-linux-gnu/omc   -lSimulationRuntimeC  -llapack -lblas   -lm -lomcgc -lpthread -rdynamic -Wl,--no-undefined -Wl,--no-undefined -shared -static-libgcc conftest.c -shared -Wl,-Bstatic -lopenblas -lgfortran -Wl,-Bdynamic -Wl,--no-undefined >&5
/usr/bin/ld: cannot find -lopenblas
collect2: error: ld returned 1 exit status
configure:3890: $? = 1
configure: failed program was:
| /* confdefs.h */
| #define PACKAGE_NAME "OpenModelica Exported FMU"
| #define PACKAGE_TARNAME "openmodelica"
| #define PACKAGE_VERSION "dev"
| #define PACKAGE_STRING "OpenModelica Exported FMU dev"
| #define PACKAGE_BUGREPORT "https://trac.openmodelica.org/OpenModelica"
| #define PACKAGE_URL "https://openmodelica.org"
| #define HAVE_SYS_TYPES_H 1
| #define HAVE_SYS_STAT_H 1
| #define HAVE_STDLIB_H 1
| #define HAVE_STRING_H 1
| #define HAVE_MEMORY_H 1
| #define HAVE_STRINGS_H 1
| #define HAVE_INTTYPES_H 1
| #define HAVE_STDINT_H 1
| #define HAVE_UNISTD_H 1
| #define HAVE_VPRINTF 1
| #define HAVE_STRDUP 1
| #define HAVE_STRERROR 1
| /* end confdefs.h.  */
| 
| /* Override any GCC internal prototype to avoid an error.
|    Use char because int might match the return type of a GCC
|    builtin and then its argument prototype would still apply.  */
| #ifdef __cplusplus
| extern "C"
| #endif
| char dgesv_ ();
| int
| main ()
| {
| return dgesv_ ();
|   ;
|   return 0;
| }
configure:3890: gcc -o conftest -fPIC -O0 -falign-functions -march=native  -fno-stack-protector -Wno-parentheses-equality -Wno-unused-variable -fPIC  -L/usr/local/lib/x86_64-linux-gnu/omc -Wl,-rpath,/usr/local/lib/x86_64-linux-gnu/omc   -lSimulationRuntimeC  -llapack -lblas   -lm -lomcgc -lpthread -rdynamic -Wl,--no-undefined -Wl,--no-undefined -shared -static-libgcc conftest.c -shared -Wl,-Bstatic -lopenblas -lgfortran -lquadmath -Wl,-Bdynamic -Wl,--no-undefined >&5
/usr/bin/ld: cannot find -lopenblas
collect2: error: ld returned 1 exit status
configure:3890: $? = 1
configure: failed program was:
| /* confdefs.h */
| #define PACKAGE_NAME "OpenModelica Exported FMU"
| #define PACKAGE_TARNAME "openmodelica"
| #define PACKAGE_VERSION "dev"
| #define PACKAGE_STRING "OpenModelica Exported FMU dev"
| #define PACKAGE_BUGREPORT "https://trac.openmodelica.org/OpenModelica"
| #define PACKAGE_URL "https://openmodelica.org"
| #define HAVE_SYS_TYPES_H 1
| #define HAVE_SYS_STAT_H 1
| #define HAVE_STDLIB_H 1
| #define HAVE_STRING_H 1
| #define HAVE_MEMORY_H 1
| #define HAVE_STRINGS_H 1
| #define HAVE_INTTYPES_H 1
| #define HAVE_STDINT_H 1
| #define HAVE_UNISTD_H 1
| #define HAVE_VPRINTF 1
| #define HAVE_STRDUP 1
| #define HAVE_STRERROR 1
| /* end confdefs.h.  */
| 
| /* Override any GCC internal prototype to avoid an error.
|    Use char because int might match the return type of a GCC
|    builtin and then its argument prototype would still apply.  */
| #ifdef __cplusplus
| extern "C"
| #endif
| char dgesv_ ();
| int
| main ()
| {
| return dgesv_ ();
|   ;
|   return 0;
| }
configure:3949: gcc -o conftest -fPIC -O0 -falign-functions -march=native  -fno-stack-protector -Wno-parentheses-equality -Wno-unused-variable -fPIC  -L/usr/local/lib/x86_64-linux-gnu/omc -Wl,-rpath,/usr/local/lib/x86_64-linux-gnu/omc   -lSimulationRuntimeC  -llapack -lblas   -lm -lomcgc -lpthread -rdynamic -Wl,--no-undefined -Wl,--no-undefined -shared -static-libgcc conftest.c -shared -Wl,-Bstatic -lopenblas -Wl,-Bdynamic -lm -Wl,--no-undefined >&5
/usr/bin/ld: cannot find -lopenblas
collect2: error: ld returned 1 exit status
configure:3949: $? = 1
configure: failed program was:
| /* confdefs.h */
| #define PACKAGE_NAME "OpenModelica Exported FMU"
| #define PACKAGE_TARNAME "openmodelica"
| #define PACKAGE_VERSION "dev"
| #define PACKAGE_STRING "OpenModelica Exported FMU dev"
| #define PACKAGE_BUGREPORT "https://trac.openmodelica.org/OpenModelica"
| #define PACKAGE_URL "https://openmodelica.org"
| #define HAVE_SYS_TYPES_H 1
| #define HAVE_SYS_STAT_H 1
| #define HAVE_STDLIB_H 1
| #define HAVE_STRING_H 1
| #define HAVE_MEMORY_H 1
| #define HAVE_STRINGS_H 1
| #define HAVE_INTTYPES_H 1
| #define HAVE_STDINT_H 1
| #define HAVE_UNISTD_H 1
| #define HAVE_VPRINTF 1
| #define HAVE_STRDUP 1
| #define HAVE_STRERROR 1
| /* end confdefs.h.  */
| 
| /* Override any GCC internal prototype to avoid an error.
|    Use char because int might match the return type of a GCC
|    builtin and then its argument prototype would still apply.  */
| #ifdef __cplusplus
| extern "C"
| #endif
| char dgesv_ ();
| int
| main ()
| {
| return dgesv_ ();
|   ;
|   return 0;
| }
configure:3949: gcc -o conftest -fPIC -O0 -falign-functions -march=native  -fno-stack-protector -Wno-parentheses-equality -Wno-unused-variable -fPIC  -L/usr/local/lib/x86_64-linux-gnu/omc -Wl,-rpath,/usr/local/lib/x86_64-linux-gnu/omc   -lSimulationRuntimeC  -llapack -lblas   -lm -lomcgc -lpthread -rdynamic -Wl,--no-undefined -Wl,--no-undefined -shared -static-libgcc conftest.c -shared -Wl,-Bstatic -lopenblas -Wl,-Bdynamic -lpthread -Wl,--no-undefined >&5
/usr/bin/ld: cannot find -lopenblas
collect2: error: ld returned 1 exit status
configure:3949: $? = 1
configure: failed program was:
| /* confdefs.h */
| #define PACKAGE_NAME "OpenModelica Exported FMU"
| #define PACKAGE_TARNAME "openmodelica"
| #define PACKAGE_VERSION "dev"
| #define PACKAGE_STRING "OpenModelica Exported FMU dev"
| #define PACKAGE_BUGREPORT "https://trac.openmodelica.org/OpenModelica"
| #define PACKAGE_URL "https://openmodelica.org"
| #define HAVE_SYS_TYPES_H 1
| #define HAVE_SYS_STAT_H 1
| #define HAVE_STDLIB_H 1
| #define HAVE_STRING_H 1
| #define HAVE_MEMORY_H 1
| #define HAVE_STRINGS_H 1
| #define HAVE_INTTYPES_H 1
| #define HAVE_STDINT_H 1
| #define HAVE_UNISTD_H 1
| #define HAVE_VPRINTF 1
| #define HAVE_STRDUP 1
| #define HAVE_STRERROR 1
| /* end confdefs.h.  */
| 
| /* Override any GCC internal prototype to avoid an error.
|    Use char because int might match the return type of a GCC
|    builtin and then its argument prototype would still apply.  */
| #ifdef __cplusplus
| extern "C"
| #endif
| char dgesv_ ();
| int
| main ()
| {
| return dgesv_ ();
|   ;
|   return 0;
| }
configure:3949: gcc -o conftest -fPIC -O0 -falign-functions -march=native  -fno-stack-protector -Wno-parentheses-equality -Wno-unused-variable -fPIC  -L/usr/local/lib/x86_64-linux-gnu/omc -Wl,-rpath,/usr/local/lib/x86_64-linux-gnu/omc   -lSimulationRuntimeC  -llapack -lblas   -lm -lomcgc -lpthread -rdynamic -Wl,--no-undefined -Wl,--no-undefined -shared -static-libgcc conftest.c -shared -Wl,-Bstatic -lopenblas -Wl,-Bdynamic -lm -lpthread -Wl,--no-undefined >&5
/usr/bin/ld: cannot find -lopenblas
collect2: error: ld returned 1 exit status
configure:3949: $? = 1
configure: failed program was:
| /* confdefs.h */
| #define PACKAGE_NAME "OpenModelica Exported FMU"
| #define PACKAGE_TARNAME "openmodelica"
| #define PACKAGE_VERSION "dev"
| #define PACKAGE_STRING "OpenModelica Exported FMU dev"
| #define PACKAGE_BUGREPORT "https://trac.openmodelica.org/OpenModelica"
| #define PACKAGE_URL "https://openmodelica.org"
| #define HAVE_SYS_TYPES_H 1
| #define HAVE_SYS_STAT_H 1
| #define HAVE_STDLIB_H 1
| #define HAVE_STRING_H 1
| #define HAVE_MEMORY_H 1
| #define HAVE_STRINGS_H 1
| #define HAVE_INTTYPES_H 1
| #define HAVE_STDINT_H 1
| #define HAVE_UNISTD_H 1
| #define HAVE_VPRINTF 1
| #define HAVE_STRDUP 1
| #define HAVE_STRERROR 1
| /* end confdefs.h.  */
| 
| /* Override any GCC internal prototype to avoid an error.
|    Use char because int might match the return type of a GCC
|    builtin and then its argument prototype would still apply.  */
| #ifdef __cplusplus
| extern "C"
| #endif
| char dgesv_ ();
| int
| main ()
| {
| return dgesv_ ();
|   ;
|   return 0;
| }
configure:3890: gcc -o conftest -fPIC -O0 -falign-functions -march=native  -fno-stack-protector -Wno-parentheses-equality -Wno-unused-variable -fPIC  -L/usr/local/lib/x86_64-linux-gnu/omc -Wl,-rpath,/usr/local/lib/x86_64-linux-gnu/omc   -lSimulationRuntimeC  -llapack -lblas   -lm -lomcgc -lpthread -rdynamic -Wl,--no-undefined -Wl,--no-undefined -shared -static-libgcc conftest.c -shared -Wl,-Bstatic   -Wl,-Bdynamic -Wl,--no-undefined >&5
/tmp/ccOB6xI6.o: In function `main':
conftest.c:(.text+0xa): undefined reference to `dgesv_'
collect2: error: ld returned 1 exit status
configure:3890: $? = 1
configure: failed program was:
| /* confdefs.h */
| #define PACKAGE_NAME "OpenModelica Exported FMU"
| #define PACKAGE_TARNAME "openmodelica"
| #define PACKAGE_VERSION "dev"
| #define PACKAGE_STRING "OpenModelica Exported FMU dev"
| #define PACKAGE_BUGREPORT "https://trac.openmodelica.org/OpenModelica"
| #define PACKAGE_URL "https://openmodelica.org"
| #define HAVE_SYS_TYPES_H 1
| #define HAVE_SYS_STAT_H 1
| #define HAVE_STDLIB_H 1
| #define HAVE_STRING_H 1
| #define HAVE_MEMORY_H 1
| #define HAVE_STRINGS_H 1
| #define HAVE_INTTYPES_H 1
| #define HAVE_STDINT_H 1
| #define HAVE_UNISTD_H 1
| #define HAVE_VPRINTF 1
| #define HAVE_STRDUP 1
| #define HAVE_STRERROR 1
| /* end confdefs.h.  */
| 
| /* Override any GCC internal prototype to avoid an error.
|    Use char because int might match the return type of a GCC
|    builtin and then its argument prototype would still apply.  */
| #ifdef __cplusplus
| extern "C"
| #endif
| char dgesv_ ();
| int
| main ()
| {
| return dgesv_ ();
|   ;
|   return 0;
| }
configure:3890: gcc -o conftest -fPIC -O0 -falign-functions -march=native  -fno-stack-protector -Wno-parentheses-equality -Wno-unused-variable -fPIC  -L/usr/local/lib/x86_64-linux-gnu/omc -Wl,-rpath,/usr/local/lib/x86_64-linux-gnu/omc   -lSimulationRuntimeC  -llapack -lblas   -lm -lomcgc -lpthread -rdynamic -Wl,--no-undefined -Wl,--no-undefined -shared -static-libgcc conftest.c -shared -Wl,-Bstatic  -lgfortran -Wl,-Bdynamic -Wl,--no-undefined >&5
/tmp/cciSEuwX.o: In function `main':
conftest.c:(.text+0xa): undefined reference to `dgesv_'
collect2: error: ld returned 1 exit status
configure:3890: $? = 1
configure: failed program was:
| /* confdefs.h */
| #define PACKAGE_NAME "OpenModelica Exported FMU"
| #define PACKAGE_TARNAME "openmodelica"
| #define PACKAGE_VERSION "dev"
| #define PACKAGE_STRING "OpenModelica Exported FMU dev"
| #define PACKAGE_BUGREPORT "https://trac.openmodelica.org/OpenModelica"
| #define PACKAGE_URL "https://openmodelica.org"
| #define HAVE_SYS_TYPES_H 1
| #define HAVE_SYS_STAT_H 1
| #define HAVE_STDLIB_H 1
| #define HAVE_STRING_H 1
| #define HAVE_MEMORY_H 1
| #define HAVE_STRINGS_H 1
| #define HAVE_INTTYPES_H 1
| #define HAVE_STDINT_H 1
| #define HAVE_UNISTD_H 1
| #define HAVE_VPRINTF 1
| #define HAVE_STRDUP 1
| #define HAVE_STRERROR 1
| /* end confdefs.h.  */
| 
| /* Override any GCC internal prototype to avoid an error.
|    Use char because int might match the return type of a GCC
|    builtin and then its argument prototype would still apply.  */
| #ifdef __cplusplus
| extern "C"
| #endif
| char dgesv_ ();
| int
| main ()
| {
| return dgesv_ ();
|   ;
|   return 0;
| }
configure:3890: gcc -o conftest -fPIC -O0 -falign-functions -march=native  -fno-stack-protector -Wno-parentheses-equality -Wno-unused-variable -fPIC  -L/usr/local/lib/x86_64-linux-gnu/omc -Wl,-rpath,/usr/local/lib/x86_64-linux-gnu/omc   -lSimulationRuntimeC  -llapack -lblas   -lm -lomcgc -lpthread -rdynamic -Wl,--no-undefined -Wl,--no-undefined -shared -static-libgcc conftest.c -shared -Wl,-Bstatic  -lgfortran -lquadmath -Wl,-Bdynamic -Wl,--no-undefined >&5
/tmp/ccXhSYBZ.o: In function `main':
conftest.c:(.text+0xa): undefined reference to `dgesv_'
collect2: error: ld returned 1 exit status
configure:3890: $? = 1
configure: failed program was:
| /* confdefs.h */
| #define PACKAGE_NAME "OpenModelica Exported FMU"
| #define PACKAGE_TARNAME "openmodelica"
| #define PACKAGE_VERSION "dev"
| #define PACKAGE_STRING "OpenModelica Exported FMU dev"
| #define PACKAGE_BUGREPORT "https://trac.openmodelica.org/OpenModelica"
| #define PACKAGE_URL "https://openmodelica.org"
| #define HAVE_SYS_TYPES_H 1
| #define HAVE_SYS_STAT_H 1
| #define HAVE_STDLIB_H 1
| #define HAVE_STRING_H 1
| #define HAVE_MEMORY_H 1
| #define HAVE_STRINGS_H 1
| #define HAVE_INTTYPES_H 1
| #define HAVE_STDINT_H 1
| #define HAVE_UNISTD_H 1
| #define HAVE_VPRINTF 1
| #define HAVE_STRDUP 1
| #define HAVE_STRERROR 1
| /* end confdefs.h.  */
| 
| /* Override any GCC internal prototype to avoid an error.
|    Use char because int might match the return type of a GCC
|    builtin and then its argument prototype would still apply.  */
| #ifdef __cplusplus
| extern "C"
| #endif
| char dgesv_ ();
| int
| main ()
| {
| return dgesv_ ();
|   ;
|   return 0;
| }
configure:3949: gcc -o conftest -fPIC -O0 -falign-functions -march=native  -fno-stack-protector -Wno-parentheses-equality -Wno-unused-variable -fPIC  -L/usr/local/lib/x86_64-linux-gnu/omc -Wl,-rpath,/usr/local/lib/x86_64-linux-gnu/omc   -lSimulationRuntimeC  -llapack -lblas   -lm -lomcgc -lpthread -rdynamic -Wl,--no-undefined -Wl,--no-undefined -shared -static-libgcc conftest.c -shared -Wl,-Bstatic  -Wl,-Bdynamic -lm -Wl,--no-undefined >&5
/tmp/ccbBz7o5.o: In function `main':
conftest.c:(.text+0xa): undefined reference to `dgesv_'
collect2: error: ld returned 1 exit status
configure:3949: $? = 1
configure: failed program was:
| /* confdefs.h */
| #define PACKAGE_NAME "OpenModelica Exported FMU"
| #define PACKAGE_TARNAME "openmodelica"
| #define PACKAGE_VERSION "dev"
| #define PACKAGE_STRING "OpenModelica Exported FMU dev"
| #define PACKAGE_BUGREPORT "https://trac.openmodelica.org/OpenModelica"
| #define PACKAGE_URL "https://openmodelica.org"
| #define HAVE_SYS_TYPES_H 1
| #define HAVE_SYS_STAT_H 1
| #define HAVE_STDLIB_H 1
| #define HAVE_STRING_H 1
| #define HAVE_MEMORY_H 1
| #define HAVE_STRINGS_H 1
| #define HAVE_INTTYPES_H 1
| #define HAVE_STDINT_H 1
| #define HAVE_UNISTD_H 1
| #define HAVE_VPRINTF 1
| #define HAVE_STRDUP 1
| #define HAVE_STRERROR 1
| /* end confdefs.h.  */
| 
| /* Override any GCC internal prototype to avoid an error.
|    Use char because int might match the return type of a GCC
|    builtin and then its argument prototype would still apply.  */
| #ifdef __cplusplus
| extern "C"
| #endif
| char dgesv_ ();
| int
| main ()
| {
| return dgesv_ ();
|   ;
|   return 0;
| }
configure:3949: gcc -o conftest -fPIC -O0 -falign-functions -march=native  -fno-stack-protector -Wno-parentheses-equality -Wno-unused-variable -fPIC  -L/usr/local/lib/x86_64-linux-gnu/omc -Wl,-rpath,/usr/local/lib/x86_64-linux-gnu/omc   -lSimulationRuntimeC  -llapack -lblas   -lm -lomcgc -lpthread -rdynamic -Wl,--no-undefined -Wl,--no-undefined -shared -static-libgcc conftest.c -shared -Wl,-Bstatic  -Wl,-Bdynamic -lpthread -Wl,--no-undefined >&5
/tmp/ccgqAZN7.o: In function `main':
conftest.c:(.text+0xa): undefined reference to `dgesv_'
collect2: error: ld returned 1 exit status
configure:3949: $? = 1
configure: failed program was:
| /* confdefs.h */
| #define PACKAGE_NAME "OpenModelica Exported FMU"
| #define PACKAGE_TARNAME "openmodelica"
| #define PACKAGE_VERSION "dev"
| #define PACKAGE_STRING "OpenModelica Exported FMU dev"
| #define PACKAGE_BUGREPORT "https://trac.openmodelica.org/OpenModelica"
| #define PACKAGE_URL "https://openmodelica.org"
| #define HAVE_SYS_TYPES_H 1
| #define HAVE_SYS_STAT_H 1
| #define HAVE_STDLIB_H 1
| #define HAVE_STRING_H 1
| #define HAVE_MEMORY_H 1
| #define HAVE_STRINGS_H 1
| #define HAVE_INTTYPES_H 1
| #define HAVE_STDINT_H 1
| #define HAVE_UNISTD_H 1
| #define HAVE_VPRINTF 1
| #define HAVE_STRDUP 1
| #define HAVE_STRERROR 1
| /* end confdefs.h.  */
| 
| /* Override any GCC internal prototype to avoid an error.
|    Use char because int might match the return type of a GCC
|    builtin and then its argument prototype would still apply.  */
| #ifdef __cplusplus
| extern "C"
| #endif
| char dgesv_ ();
| int
| main ()
| {
| return dgesv_ ();
|   ;
|   return 0;
| }
configure:3949: gcc -o conftest -fPIC -O0 -falign-functions -march=native  -fno-stack-protector -Wno-parentheses-equality -Wno-unused-variable -fPIC  -L/usr/local/lib/x86_64-linux-gnu/omc -Wl,-rpath,/usr/local/lib/x86_64-linux-gnu/omc   -lSimulationRuntimeC  -llapack -lblas   -lm -lomcgc -lpthread -rdynamic -Wl,--no-undefined -Wl,--no-undefined -shared -static-libgcc conftest.c -shared -Wl,-Bstatic  -Wl,-Bdynamic -lm -lpthread -Wl,--no-undefined >&5
/tmp/ccLyNdfb.o: In function `main':
conftest.c:(.text+0xa): undefined reference to `dgesv_'
collect2: error: ld returned 1 exit status
configure:3949: $? = 1
configure: failed program was:
| /* confdefs.h */
| #define PACKAGE_NAME "OpenModelica Exported FMU"
| #define PACKAGE_TARNAME "openmodelica"
| #define PACKAGE_VERSION "dev"
| #define PACKAGE_STRING "OpenModelica Exported FMU dev"
| #define PACKAGE_BUGREPORT "https://trac.openmodelica.org/OpenModelica"
| #define PACKAGE_URL "https://openmodelica.org"
| #define HAVE_SYS_TYPES_H 1
| #define HAVE_SYS_STAT_H 1
| #define HAVE_STDLIB_H 1
| #define HAVE_STRING_H 1
| #define HAVE_MEMORY_H 1
| #define HAVE_STRINGS_H 1
| #define HAVE_INTTYPES_H 1
| #define HAVE_STDINT_H 1
| #define HAVE_UNISTD_H 1
| #define HAVE_VPRINTF 1
| #define HAVE_STRDUP 1
| #define HAVE_STRERROR 1
| /* end confdefs.h.  */
| 
| /* Override any GCC internal prototype to avoid an error.
|    Use char because int might match the return type of a GCC
|    builtin and then its argument prototype would still apply.  */
| #ifdef __cplusplus
| extern "C"
| #endif
| char dgesv_ ();
| int
| main ()
| {
| return dgesv_ ();
|   ;
|   return 0;
| }
configure:3890: gcc -o conftest -fPIC -O0 -falign-functions -march=native  -fno-stack-protector -Wno-parentheses-equality -Wno-unused-variable -fPIC  -L/usr/local/lib/x86_64-linux-gnu/omc -Wl,-rpath,/usr/local/lib/x86_64-linux-gnu/omc   -lSimulationRuntimeC  -llapack -lblas   -lm -lomcgc -lpthread -rdynamic -Wl,--no-undefined -Wl,--no-undefined -shared -static-libgcc conftest.c -shared -Wl,-Bstatic   -Wl,-Bdynamic -Wl,--no-undefined >&5
/tmp/cckM6zdd.o: In function `main':
conftest.c:(.text+0xa): undefined reference to `dgesv_'
collect2: error: ld returned 1 exit status
configure:3890: $? = 1
configure: failed program was:
| /* confdefs.h */
| #define PACKAGE_NAME "OpenModelica Exported FMU"
| #define PACKAGE_TARNAME "openmodelica"
| #define PACKAGE_VERSION "dev"
| #define PACKAGE_STRING "OpenModelica Exported FMU dev"
| #define PACKAGE_BUGREPORT "https://trac.openmodelica.org/OpenModelica"
| #define PACKAGE_URL "https://openmodelica.org"
| #define HAVE_SYS_TYPES_H 1
| #define HAVE_SYS_STAT_H 1
| #define HAVE_STDLIB_H 1
| #define HAVE_STRING_H 1
| #define HAVE_MEMORY_H 1
| #define HAVE_STRINGS_H 1
| #define HAVE_INTTYPES_H 1
| #define HAVE_STDINT_H 1
| #define HAVE_UNISTD_H 1
| #define HAVE_VPRINTF 1
| #define HAVE_STRDUP 1
| #define HAVE_STRERROR 1
| /* end confdefs.h.  */
| 
| /* Override any GCC internal prototype to avoid an error.
|    Use char because int might match the return type of a GCC
|    builtin and then its argument prototype would still apply.  */
| #ifdef __cplusplus
| extern "C"
| #endif
| char dgesv_ ();
| int
| main ()
| {
| return dgesv_ ();
|   ;
|   return 0;
| }
configure:3890: gcc -o conftest -fPIC -O0 -falign-functions -march=native  -fno-stack-protector -Wno-parentheses-equality -Wno-unused-variable -fPIC  -L/usr/local/lib/x86_64-linux-gnu/omc -Wl,-rpath,/usr/local/lib/x86_64-linux-gnu/omc   -lSimulationRuntimeC  -llapack -lblas   -lm -lomcgc -lpthread -rdynamic -Wl,--no-undefined -Wl,--no-undefined -shared -static-libgcc conftest.c -shared -Wl,-Bstatic  -lgfortran -Wl,-Bdynamic -Wl,--no-undefined >&5
/tmp/cc80T6ie.o: In function `main':
conftest.c:(.text+0xa): undefined reference to `dgesv_'
collect2: error: ld returned 1 exit status
configure:3890: $? = 1
configure: failed program was:
| /* confdefs.h */
| #define PACKAGE_NAME "OpenModelica Exported FMU"
| #define PACKAGE_TARNAME "openmodelica"
| #define PACKAGE_VERSION "dev"
| #define PACKAGE_STRING "OpenModelica Exported FMU dev"
| #define PACKAGE_BUGREPORT "https://trac.openmodelica.org/OpenModelica"
| #define PACKAGE_URL "https://openmodelica.org"
| #define HAVE_SYS_TYPES_H 1
| #define HAVE_SYS_STAT_H 1
| #define HAVE_STDLIB_H 1
| #define HAVE_STRING_H 1
| #define HAVE_MEMORY_H 1
| #define HAVE_STRINGS_H 1
| #define HAVE_INTTYPES_H 1
| #define HAVE_STDINT_H 1
| #define HAVE_UNISTD_H 1
| #define HAVE_VPRINTF 1
| #define HAVE_STRDUP 1
| #define HAVE_STRERROR 1
| /* end confdefs.h.  */
| 
| /* Override any GCC internal prototype to avoid an error.
|    Use char because int might match the return type of a GCC
|    builtin and then its argument prototype would still apply.  */
| #ifdef __cplusplus
| extern "C"
| #endif
| char dgesv_ ();
| int
| main ()
| {
| return dgesv_ ();
|   ;
|   return 0;
| }
configure:3890: gcc -o conftest -fPIC -O0 -falign-functions -march=native  -fno-stack-protector -Wno-parentheses-equality -Wno-unused-variable -fPIC  -L/usr/local/lib/x86_64-linux-gnu/omc -Wl,-rpath,/usr/local/lib/x86_64-linux-gnu/omc   -lSimulationRuntimeC  -llapack -lblas   -lm -lomcgc -lpthread -rdynamic -Wl,--no-undefined -Wl,--no-undefined -shared -static-libgcc conftest.c -shared -Wl,-Bstatic  -lgfortran -lquadmath -Wl,-Bdynamic -Wl,--no-undefined >&5
/tmp/ccfFIoJg.o: In function `main':
conftest.c:(.text+0xa): undefined reference to `dgesv_'
collect2: error: ld returned 1 exit status
configure:3890: $? = 1
configure: failed program was:
| /* confdefs.h */
| #define PACKAGE_NAME "OpenModelica Exported FMU"
| #define PACKAGE_TARNAME "openmodelica"
| #define PACKAGE_VERSION "dev"
| #define PACKAGE_STRING "OpenModelica Exported FMU dev"
| #define PACKAGE_BUGREPORT "https://trac.openmodelica.org/OpenModelica"
| #define PACKAGE_URL "https://openmodelica.org"
| #define HAVE_SYS_TYPES_H 1
| #define HAVE_SYS_STAT_H 1
| #define HAVE_STDLIB_H 1
| #define HAVE_STRING_H 1
| #define HAVE_MEMORY_H 1
| #define HAVE_STRINGS_H 1
| #define HAVE_INTTYPES_H 1
| #define HAVE_STDINT_H 1
| #define HAVE_UNISTD_H 1
| #define HAVE_VPRINTF 1
| #define HAVE_STRDUP 1
| #define HAVE_STRERROR 1
| /* end confdefs.h.  */
| 
| /* Override any GCC internal prototype to avoid an error.
|    Use char because int might match the return type of a GCC
|    builtin and then its argument prototype would still apply.  */
| #ifdef __cplusplus
| extern "C"
| #endif
| char dgesv_ ();
| int
| main ()
| {
| return dgesv_ ();
|   ;
|   return 0;
| }
configure:3949: gcc -o conftest -fPIC -O0 -falign-functions -march=native  -fno-stack-protector -Wno-parentheses-equality -Wno-unused-variable -fPIC  -L/usr/local/lib/x86_64-linux-gnu/omc -Wl,-rpath,/usr/local/lib/x86_64-linux-gnu/omc   -lSimulationRuntimeC  -llapack -lblas   -lm -lomcgc -lpthread -rdynamic -Wl,--no-undefined -Wl,--no-undefined -shared -static-libgcc conftest.c -shared -Wl,-Bstatic  -Wl,-Bdynamic -lm -Wl,--no-undefined >&5
/tmp/ccvBfZ3j.o: In function `main':
conftest.c:(.text+0xa): undefined reference to `dgesv_'
collect2: error: ld returned 1 exit status
configure:3949: $? = 1
configure: failed program was:
| /* confdefs.h */
| #define PACKAGE_NAME "OpenModelica Exported FMU"
| #define PACKAGE_TARNAME "openmodelica"
| #define PACKAGE_VERSION "dev"
| #define PACKAGE_STRING "OpenModelica Exported FMU dev"
| #define PACKAGE_BUGREPORT "https://trac.openmodelica.org/OpenModelica"
| #define PACKAGE_URL "https://openmodelica.org"
| #define HAVE_SYS_TYPES_H 1
| #define HAVE_SYS_STAT_H 1
| #define HAVE_STDLIB_H 1
| #define HAVE_STRING_H 1
| #define HAVE_MEMORY_H 1
| #define HAVE_STRINGS_H 1
| #define HAVE_INTTYPES_H 1
| #define HAVE_STDINT_H 1
| #define HAVE_UNISTD_H 1
| #define HAVE_VPRINTF 1
| #define HAVE_STRDUP 1
| #define HAVE_STRERROR 1
| /* end confdefs.h.  */
| 
| /* Override any GCC internal prototype to avoid an error.
|    Use char because int might match the return type of a GCC
|    builtin and then its argument prototype would still apply.  */
| #ifdef __cplusplus
| extern "C"
| #endif
| char dgesv_ ();
| int
| main ()
| {
| return dgesv_ ();
|   ;
|   return 0;
| }
configure:3949: gcc -o conftest -fPIC -O0 -falign-functions -march=native  -fno-stack-protector -Wno-parentheses-equality -Wno-unused-variable -fPIC  -L/usr/local/lib/x86_64-linux-gnu/omc -Wl,-rpath,/usr/local/lib/x86_64-linux-gnu/omc   -lSimulationRuntimeC  -llapack -lblas   -lm -lomcgc -lpthread -rdynamic -Wl,--no-undefined -Wl,--no-undefined -shared -static-libgcc conftest.c -shared -Wl,-Bstatic  -Wl,-Bdynamic -lpthread -Wl,--no-undefined >&5
/tmp/ccjACxep.o: In function `main':
conftest.c:(.text+0xa): undefined reference to `dgesv_'
collect2: error: ld returned 1 exit status
configure:3949: $? = 1
configure: failed program was:
| /* confdefs.h */
| #define PACKAGE_NAME "OpenModelica Exported FMU"
| #define PACKAGE_TARNAME "openmodelica"
| #define PACKAGE_VERSION "dev"
| #define PACKAGE_STRING "OpenModelica Exported FMU dev"
| #define PACKAGE_BUGREPORT "https://trac.openmodelica.org/OpenModelica"
| #define PACKAGE_URL "https://openmodelica.org"
| #define HAVE_SYS_TYPES_H 1
| #define HAVE_SYS_STAT_H 1
| #define HAVE_STDLIB_H 1
| #define HAVE_STRING_H 1
| #define HAVE_MEMORY_H 1
| #define HAVE_STRINGS_H 1
| #define HAVE_INTTYPES_H 1
| #define HAVE_STDINT_H 1
| #define HAVE_UNISTD_H 1
| #define HAVE_VPRINTF 1
| #define HAVE_STRDUP 1
| #define HAVE_STRERROR 1
| /* end confdefs.h.  */
| 
| /* Override any GCC internal prototype to avoid an error.
|    Use char because int might match the return type of a GCC
|    builtin and then its argument prototype would still apply.  */
| #ifdef __cplusplus
| extern "C"
| #endif
| char dgesv_ ();
| int
| main ()
| {
| return dgesv_ ();
|   ;
|   return 0;
| }
configure:3949: gcc -o conftest -fPIC -O0 -falign-functions -march=native  -fno-stack-protector -Wno-parentheses-equality -Wno-unused-variable -fPIC  -L/usr/local/lib/x86_64-linux-gnu/omc -Wl,-rpath,/usr/local/lib/x86_64-linux-gnu/omc   -lSimulationRuntimeC  -llapack -lblas   -lm -lomcgc -lpthread -rdynamic -Wl,--no-undefined -Wl,--no-undefined -shared -static-libgcc conftest.c -shared -Wl,-Bstatic  -Wl,-Bdynamic -lm -lpthread -Wl,--no-undefined >&5
/tmp/ccjVB9ys.o: In function `main':
conftest.c:(.text+0xa): undefined reference to `dgesv_'
collect2: error: ld returned 1 exit status
configure:3949: $? = 1
configure: failed program was:
| /* confdefs.h */
| #define PACKAGE_NAME "OpenModelica Exported FMU"
| #define PACKAGE_TARNAME "openmodelica"
| #define PACKAGE_VERSION "dev"
| #define PACKAGE_STRING "OpenModelica Exported FMU dev"
| #define PACKAGE_BUGREPORT "https://trac.openmodelica.org/OpenModelica"
| #define PACKAGE_URL "https://openmodelica.org"
| #define HAVE_SYS_TYPES_H 1
| #define HAVE_SYS_STAT_H 1
| #define HAVE_STDLIB_H 1
| #define HAVE_STRING_H 1
| #define HAVE_MEMORY_H 1
| #define HAVE_STRINGS_H 1
| #define HAVE_INTTYPES_H 1
| #define HAVE_STDINT_H 1
| #define HAVE_UNISTD_H 1
| #define HAVE_VPRINTF 1
| #define HAVE_STRDUP 1
| #define HAVE_STRERROR 1
| /* end confdefs.h.  */
| 
| /* Override any GCC internal prototype to avoid an error.
|    Use char because int might match the return type of a GCC
|    builtin and then its argument prototype would still apply.  */
| #ifdef __cplusplus
| extern "C"
| #endif
| char dgesv_ ();
| int
| main ()
| {
| return dgesv_ ();
|   ;
|   return 0;
| }
configure:3890: gcc -o conftest -fPIC -O0 -falign-functions -march=native  -fno-stack-protector -Wno-parentheses-equality -Wno-unused-variable -fPIC  -L/usr/local/lib/x86_64-linux-gnu/omc -Wl,-rpath,/usr/local/lib/x86_64-linux-gnu/omc   -lSimulationRuntimeC  -llapack -lblas   -lm -lomcgc -lpthread -rdynamic -Wl,--no-undefined -Wl,--no-undefined -shared -static-libgcc conftest.c -shared -Wl,-Bstatic -llapack -lblas  -Wl,-Bdynamic -Wl,--no-undefined >&5
/usr/bin/ld: /usr/lib/gcc/x86_64-linux-gnu/4.8/../../../../lib/libblas.a(dgemm.o): relocation R_X86_64_32 against `.rodata' can not be used when making a shared object; recompile with -fPIC
/usr/lib/gcc/x86_64-linux-gnu/4.8/../../../../lib/libblas.a: error adding symbols: Bad value
collect2: error: ld returned 1 exit status
configure:3890: $? = 1
configure: failed program was:
| /* confdefs.h */
| #define PACKAGE_NAME "OpenModelica Exported FMU"
| #define PACKAGE_TARNAME "openmodelica"
| #define PACKAGE_VERSION "dev"
| #define PACKAGE_STRING "OpenModelica Exported FMU dev"
| #define PACKAGE_BUGREPORT "https://trac.openmodelica.org/OpenModelica"
| #define PACKAGE_URL "https://openmodelica.org"
| #define HAVE_SYS_TYPES_H 1
| #define HAVE_SYS_STAT_H 1
| #define HAVE_STDLIB_H 1
| #define HAVE_STRING_H 1
| #define HAVE_MEMORY_H 1
| #define HAVE_STRINGS_H 1
| #define HAVE_INTTYPES_H 1
| #define HAVE_STDINT_H 1
| #define HAVE_UNISTD_H 1
| #define HAVE_VPRINTF 1
| #define HAVE_STRDUP 1
| #define HAVE_STRERROR 1
| /* end confdefs.h.  */
| 
| /* Override any GCC internal prototype to avoid an error.
|    Use char because int might match the return type of a GCC
|    builtin and then its argument prototype would still apply.  */
| #ifdef __cplusplus
| extern "C"
| #endif
| char dgesv_ ();
| int
| main ()
| {
| return dgesv_ ();
|   ;
|   return 0;
| }
configure:3890: gcc -o conftest -fPIC -O0 -falign-functions -march=native  -fno-stack-protector -Wno-parentheses-equality -Wno-unused-variable -fPIC  -L/usr/local/lib/x86_64-linux-gnu/omc -Wl,-rpath,/usr/local/lib/x86_64-linux-gnu/omc   -lSimulationRuntimeC  -llapack -lblas   -lm -lomcgc -lpthread -rdynamic -Wl,--no-undefined -Wl,--no-undefined -shared -static-libgcc conftest.c -shared -Wl,-Bstatic -llapack -lblas -lgfortran -Wl,-Bdynamic -Wl,--no-undefined >&5
/usr/bin/ld: /usr/lib/gcc/x86_64-linux-gnu/4.8/../../../../lib/libblas.a(dgemm.o): relocation R_X86_64_32 against `.rodata' can not be used when making a shared object; recompile with -fPIC
/usr/lib/gcc/x86_64-linux-gnu/4.8/../../../../lib/libblas.a: error adding symbols: Bad value
collect2: error: ld returned 1 exit status
configure:3890: $? = 1
configure: failed program was:
| /* confdefs.h */
| #define PACKAGE_NAME "OpenModelica Exported FMU"
| #define PACKAGE_TARNAME "openmodelica"
| #define PACKAGE_VERSION "dev"
| #define PACKAGE_STRING "OpenModelica Exported FMU dev"
| #define PACKAGE_BUGREPORT "https://trac.openmodelica.org/OpenModelica"
| #define PACKAGE_URL "https://openmodelica.org"
| #define HAVE_SYS_TYPES_H 1
| #define HAVE_SYS_STAT_H 1
| #define HAVE_STDLIB_H 1
| #define HAVE_STRING_H 1
| #define HAVE_MEMORY_H 1
| #define HAVE_STRINGS_H 1
| #define HAVE_INTTYPES_H 1
| #define HAVE_STDINT_H 1
| #define HAVE_UNISTD_H 1
| #define HAVE_VPRINTF 1
| #define HAVE_STRDUP 1
| #define HAVE_STRERROR 1
| /* end confdefs.h.  */
| 
| /* Override any GCC internal prototype to avoid an error.
|    Use char because int might match the return type of a GCC
|    builtin and then its argument prototype would still apply.  */
| #ifdef __cplusplus
| extern "C"
| #endif
| char dgesv_ ();
| int
| main ()
| {
| return dgesv_ ();
|   ;
|   return 0;
| }
configure:3890: gcc -o conftest -fPIC -O0 -falign-functions -march=native  -fno-stack-protector -Wno-parentheses-equality -Wno-unused-variable -fPIC  -L/usr/local/lib/x86_64-linux-gnu/omc -Wl,-rpath,/usr/local/lib/x86_64-linux-gnu/omc   -lSimulationRuntimeC  -llapack -lblas   -lm -lomcgc -lpthread -rdynamic -Wl,--no-undefined -Wl,--no-undefined -shared -static-libgcc conftest.c -shared -Wl,-Bstatic -llapack -lblas -lgfortran -lquadmath -Wl,-Bdynamic -Wl,--no-undefined >&5
/usr/bin/ld: /usr/lib/gcc/x86_64-linux-gnu/4.8/../../../../lib/libblas.a(dgemm.o): relocation R_X86_64_32 against `.rodata' can not be used when making a shared object; recompile with -fPIC
/usr/lib/gcc/x86_64-linux-gnu/4.8/../../../../lib/libblas.a: error adding symbols: Bad value
collect2: error: ld returned 1 exit status
configure:3890: $? = 1
configure: failed program was:
| /* confdefs.h */
| #define PACKAGE_NAME "OpenModelica Exported FMU"
| #define PACKAGE_TARNAME "openmodelica"
| #define PACKAGE_VERSION "dev"
| #define PACKAGE_STRING "OpenModelica Exported FMU dev"
| #define PACKAGE_BUGREPORT "https://trac.openmodelica.org/OpenModelica"
| #define PACKAGE_URL "https://openmodelica.org"
| #define HAVE_SYS_TYPES_H 1
| #define HAVE_SYS_STAT_H 1
| #define HAVE_STDLIB_H 1
| #define HAVE_STRING_H 1
| #define HAVE_MEMORY_H 1
| #define HAVE_STRINGS_H 1
| #define HAVE_INTTYPES_H 1
| #define HAVE_STDINT_H 1
| #define HAVE_UNISTD_H 1
| #define HAVE_VPRINTF 1
| #define HAVE_STRDUP 1
| #define HAVE_STRERROR 1
| /* end confdefs.h.  */
| 
| /* Override any GCC internal prototype to avoid an error.
|    Use char because int might match the return type of a GCC
|    builtin and then its argument prototype would still apply.  */
| #ifdef __cplusplus
| extern "C"
| #endif
| char dgesv_ ();
| int
| main ()
| {
| return dgesv_ ();
|   ;
|   return 0;
| }
configure:3949: gcc -o conftest -fPIC -O0 -falign-functions -march=native  -fno-stack-protector -Wno-parentheses-equality -Wno-unused-variable -fPIC  -L/usr/local/lib/x86_64-linux-gnu/omc -Wl,-rpath,/usr/local/lib/x86_64-linux-gnu/omc   -lSimulationRuntimeC  -llapack -lblas   -lm -lomcgc -lpthread -rdynamic -Wl,--no-undefined -Wl,--no-undefined -shared -static-libgcc conftest.c -shared -Wl,-Bstatic -llapack -lblas -Wl,-Bdynamic -lm -Wl,--no-undefined >&5
/usr/bin/ld: /usr/lib/gcc/x86_64-linux-gnu/4.8/../../../../lib/libblas.a(dgemm.o): relocation R_X86_64_32 against `.rodata' can not be used when making a shared object; recompile with -fPIC
/usr/lib/gcc/x86_64-linux-gnu/4.8/../../../../lib/libblas.a: error adding symbols: Bad value
collect2: error: ld returned 1 exit status
configure:3949: $? = 1
configure: failed program was:
| /* confdefs.h */
| #define PACKAGE_NAME "OpenModelica Exported FMU"
| #define PACKAGE_TARNAME "openmodelica"
| #define PACKAGE_VERSION "dev"
| #define PACKAGE_STRING "OpenModelica Exported FMU dev"
| #define PACKAGE_BUGREPORT "https://trac.openmodelica.org/OpenModelica"
| #define PACKAGE_URL "https://openmodelica.org"
| #define HAVE_SYS_TYPES_H 1
| #define HAVE_SYS_STAT_H 1
| #define HAVE_STDLIB_H 1
| #define HAVE_STRING_H 1
| #define HAVE_MEMORY_H 1
| #define HAVE_STRINGS_H 1
| #define HAVE_INTTYPES_H 1
| #define HAVE_STDINT_H 1
| #define HAVE_UNISTD_H 1
| #define HAVE_VPRINTF 1
| #define HAVE_STRDUP 1
| #define HAVE_STRERROR 1
| /* end confdefs.h.  */
| 
| /* Override any GCC internal prototype to avoid an error.
|    Use char because int might match the return type of a GCC
|    builtin and then its argument prototype would still apply.  */
| #ifdef __cplusplus
| extern "C"
| #endif
| char dgesv_ ();
| int
| main ()
| {
| return dgesv_ ();
|   ;
|   return 0;
| }
configure:3949: gcc -o conftest -fPIC -O0 -falign-functions -march=native  -fno-stack-protector -Wno-parentheses-equality -Wno-unused-variable -fPIC  -L/usr/local/lib/x86_64-linux-gnu/omc -Wl,-rpath,/usr/local/lib/x86_64-linux-gnu/omc   -lSimulationRuntimeC  -llapack -lblas   -lm -lomcgc -lpthread -rdynamic -Wl,--no-undefined -Wl,--no-undefined -shared -static-libgcc conftest.c -shared -Wl,-Bstatic -llapack -lblas -Wl,-Bdynamic -lpthread -Wl,--no-undefined >&5
/usr/bin/ld: /usr/lib/gcc/x86_64-linux-gnu/4.8/../../../../lib/libblas.a(dgemm.o): relocation R_X86_64_32 against `.rodata' can not be used when making a shared object; recompile with -fPIC
/usr/lib/gcc/x86_64-linux-gnu/4.8/../../../../lib/libblas.a: error adding symbols: Bad value
collect2: error: ld returned 1 exit status
configure:3949: $? = 1
configure: failed program was:
| /* confdefs.h */
| #define PACKAGE_NAME "OpenModelica Exported FMU"
| #define PACKAGE_TARNAME "openmodelica"
| #define PACKAGE_VERSION "dev"
| #define PACKAGE_STRING "OpenModelica Exported FMU dev"
| #define PACKAGE_BUGREPORT "https://trac.openmodelica.org/OpenModelica"
| #define PACKAGE_URL "https://openmodelica.org"
| #define HAVE_SYS_TYPES_H 1
| #define HAVE_SYS_STAT_H 1
| #define HAVE_STDLIB_H 1
| #define HAVE_STRING_H 1
| #define HAVE_MEMORY_H 1
| #define HAVE_STRINGS_H 1
| #define HAVE_INTTYPES_H 1
| #define HAVE_STDINT_H 1
| #define HAVE_UNISTD_H 1
| #define HAVE_VPRINTF 1
| #define HAVE_STRDUP 1
| #define HAVE_STRERROR 1
| /* end confdefs.h.  */
| 
| /* Override any GCC internal prototype to avoid an error.
|    Use char because int might match the return type of a GCC
|    builtin and then its argument prototype would still apply.  */
| #ifdef __cplusplus
| extern "C"
| #endif
| char dgesv_ ();
| int
| main ()
| {
| return dgesv_ ();
|   ;
|   return 0;
| }
configure:3949: gcc -o conftest -fPIC -O0 -falign-functions -march=native  -fno-stack-protector -Wno-parentheses-equality -Wno-unused-variable -fPIC  -L/usr/local/lib/x86_64-linux-gnu/omc -Wl,-rpath,/usr/local/lib/x86_64-linux-gnu/omc   -lSimulationRuntimeC  -llapack -lblas   -lm -lomcgc -lpthread -rdynamic -Wl,--no-undefined -Wl,--no-undefined -shared -static-libgcc conftest.c -shared -Wl,-Bstatic -llapack -lblas -Wl,-Bdynamic -lm -lpthread -Wl,--no-undefined >&5
/usr/bin/ld: /usr/lib/gcc/x86_64-linux-gnu/4.8/../../../../lib/libblas.a(dgemm.o): relocation R_X86_64_32 against `.rodata' can not be used when making a shared object; recompile with -fPIC
/usr/lib/gcc/x86_64-linux-gnu/4.8/../../../../lib/libblas.a: error adding symbols: Bad value
collect2: error: ld returned 1 exit status
configure:3949: $? = 1
configure: failed program was:
| /* confdefs.h */
| #define PACKAGE_NAME "OpenModelica Exported FMU"
| #define PACKAGE_TARNAME "openmodelica"
| #define PACKAGE_VERSION "dev"
| #define PACKAGE_STRING "OpenModelica Exported FMU dev"
| #define PACKAGE_BUGREPORT "https://trac.openmodelica.org/OpenModelica"
| #define PACKAGE_URL "https://openmodelica.org"
| #define HAVE_SYS_TYPES_H 1
| #define HAVE_SYS_STAT_H 1
| #define HAVE_STDLIB_H 1
| #define HAVE_STRING_H 1
| #define HAVE_MEMORY_H 1
| #define HAVE_STRINGS_H 1
| #define HAVE_INTTYPES_H 1
| #define HAVE_STDINT_H 1
| #define HAVE_UNISTD_H 1
| #define HAVE_VPRINTF 1
| #define HAVE_STRDUP 1
| #define HAVE_STRERROR 1
| /* end confdefs.h.  */
| 
| /* Override any GCC internal prototype to avoid an error.
|    Use char because int might match the return type of a GCC
|    builtin and then its argument prototype would still apply.  */
| #ifdef __cplusplus
| extern "C"
| #endif
| char dgesv_ ();
| int
| main ()
| {
| return dgesv_ ();
|   ;
|   return 0;
| }
configure:3890: gcc -o conftest -fPIC -O0 -falign-functions -march=native  -fno-stack-protector -Wno-parentheses-equality -Wno-unused-variable -fPIC  -L/usr/local/lib/x86_64-linux-gnu/omc -Wl,-rpath,/usr/local/lib/x86_64-linux-gnu/omc   -lSimulationRuntimeC  -llapack -lblas   -lm -lomcgc -lpthread -rdynamic -Wl,--no-undefined -Wl,--no-undefined -shared -static-libgcc conftest.c -shared -Wl,-Bstatic -llapack -lblas -lm -latlas  -Wl,-Bdynamic -Wl,--no-undefined >&5
/usr/bin/ld: /usr/lib/gcc/x86_64-linux-gnu/4.8/../../../../lib/libblas.a(dgemm.o): relocation R_X86_64_32 against `.rodata' can not be used when making a shared object; recompile with -fPIC
/usr/lib/gcc/x86_64-linux-gnu/4.8/../../../../lib/libblas.a: error adding symbols: Bad value
collect2: error: ld returned 1 exit status
configure:3890: $? = 1
configure: failed program was:
| /* confdefs.h */
| #define PACKAGE_NAME "OpenModelica Exported FMU"
| #define PACKAGE_TARNAME "openmodelica"
| #define PACKAGE_VERSION "dev"
| #define PACKAGE_STRING "OpenModelica Exported FMU dev"
| #define PACKAGE_BUGREPORT "https://trac.openmodelica.org/OpenModelica"
| #define PACKAGE_URL "https://openmodelica.org"
| #define HAVE_SYS_TYPES_H 1
| #define HAVE_SYS_STAT_H 1
| #define HAVE_STDLIB_H 1
| #define HAVE_STRING_H 1
| #define HAVE_MEMORY_H 1
| #define HAVE_STRINGS_H 1
| #define HAVE_INTTYPES_H 1
| #define HAVE_STDINT_H 1
| #define HAVE_UNISTD_H 1
| #define HAVE_VPRINTF 1
| #define HAVE_STRDUP 1
| #define HAVE_STRERROR 1
| /* end confdefs.h.  */
| 
| /* Override any GCC internal prototype to avoid an error.
|    Use char because int might match the return type of a GCC
|    builtin and then its argument prototype would still apply.  */
| #ifdef __cplusplus
| extern "C"
| #endif
| char dgesv_ ();
| int
| main ()
| {
| return dgesv_ ();
|   ;
|   return 0;
| }
configure:3890: gcc -o conftest -fPIC -O0 -falign-functions -march=native  -fno-stack-protector -Wno-parentheses-equality -Wno-unused-variable -fPIC  -L/usr/local/lib/x86_64-linux-gnu/omc -Wl,-rpath,/usr/local/lib/x86_64-linux-gnu/omc   -lSimulationRuntimeC  -llapack -lblas   -lm -lomcgc -lpthread -rdynamic -Wl,--no-undefined -Wl,--no-undefined -shared -static-libgcc conftest.c -shared -Wl,-Bstatic -llapack -lblas -lm -latlas -lgfortran -Wl,-Bdynamic -Wl,--no-undefined >&5
/usr/bin/ld: /usr/lib/gcc/x86_64-linux-gnu/4.8/../../../../lib/libblas.a(dgemm.o): relocation R_X86_64_32 against `.rodata' can not be used when making a shared object; recompile with -fPIC
/usr/lib/gcc/x86_64-linux-gnu/4.8/../../../../lib/libblas.a: error adding symbols: Bad value
collect2: error: ld returned 1 exit status
configure:3890: $? = 1
configure: failed program was:
| /* confdefs.h */
| #define PACKAGE_NAME "OpenModelica Exported FMU"
| #define PACKAGE_TARNAME "openmodelica"
| #define PACKAGE_VERSION "dev"
| #define PACKAGE_STRING "OpenModelica Exported FMU dev"
| #define PACKAGE_BUGREPORT "https://trac.openmodelica.org/OpenModelica"
| #define PACKAGE_URL "https://openmodelica.org"
| #define HAVE_SYS_TYPES_H 1
| #define HAVE_SYS_STAT_H 1
| #define HAVE_STDLIB_H 1
| #define HAVE_STRING_H 1
| #define HAVE_MEMORY_H 1
| #define HAVE_STRINGS_H 1
| #define HAVE_INTTYPES_H 1
| #define HAVE_STDINT_H 1
| #define HAVE_UNISTD_H 1
| #define HAVE_VPRINTF 1
| #define HAVE_STRDUP 1
| #define HAVE_STRERROR 1
| /* end confdefs.h.  */
| 
| /* Override any GCC internal prototype to avoid an error.
|    Use char because int might match the return type of a GCC
|    builtin and then its argument prototype would still apply.  */
| #ifdef __cplusplus
| extern "C"
| #endif
| char dgesv_ ();
| int
| main ()
| {
| return dgesv_ ();
|   ;
|   return 0;
| }
configure:3890: gcc -o conftest -fPIC -O0 -falign-functions -march=native  -fno-stack-protector -Wno-parentheses-equality -Wno-unused-variable -fPIC  -L/usr/local/lib/x86_64-linux-gnu/omc -Wl,-rpath,/usr/local/lib/x86_64-linux-gnu/omc   -lSimulationRuntimeC  -llapack -lblas   -lm -lomcgc -lpthread -rdynamic -Wl,--no-undefined -Wl,--no-undefined -shared -static-libgcc conftest.c -shared -Wl,-Bstatic -llapack -lblas -lm -latlas -lgfortran -lquadmath -Wl,-Bdynamic -Wl,--no-undefined >&5
/usr/bin/ld: /usr/lib/gcc/x86_64-linux-gnu/4.8/../../../../lib/libblas.a(dgemm.o): relocation R_X86_64_32 against `.rodata' can not be used when making a shared object; recompile with -fPIC
/usr/lib/gcc/x86_64-linux-gnu/4.8/../../../../lib/libblas.a: error adding symbols: Bad value
collect2: error: ld returned 1 exit status
configure:3890: $? = 1
configure: failed program was:
| /* confdefs.h */
| #define PACKAGE_NAME "OpenModelica Exported FMU"
| #define PACKAGE_TARNAME "openmodelica"
| #define PACKAGE_VERSION "dev"
| #define PACKAGE_STRING "OpenModelica Exported FMU dev"
| #define PACKAGE_BUGREPORT "https://trac.openmodelica.org/OpenModelica"
| #define PACKAGE_URL "https://openmodelica.org"
| #define HAVE_SYS_TYPES_H 1
| #define HAVE_SYS_STAT_H 1
| #define HAVE_STDLIB_H 1
| #define HAVE_STRING_H 1
| #define HAVE_MEMORY_H 1
| #define HAVE_STRINGS_H 1
| #define HAVE_INTTYPES_H 1
| #define HAVE_STDINT_H 1
| #define HAVE_UNISTD_H 1
| #define HAVE_VPRINTF 1
| #define HAVE_STRDUP 1
| #define HAVE_STRERROR 1
| /* end confdefs.h.  */
| 
| /* Override any GCC internal prototype to avoid an error.
|    Use char because int might match the return type of a GCC
|    builtin and then its argument prototype would still apply.  */
| #ifdef __cplusplus
| extern "C"
| #endif
| char dgesv_ ();
| int
| main ()
| {
| return dgesv_ ();
|   ;
|   return 0;
| }
configure:3949: gcc -o conftest -fPIC -O0 -falign-functions -march=native  -fno-stack-protector -Wno-parentheses-equality -Wno-unused-variable -fPIC  -L/usr/local/lib/x86_64-linux-gnu/omc -Wl,-rpath,/usr/local/lib/x86_64-linux-gnu/omc   -lSimulationRuntimeC  -llapack -lblas   -lm -lomcgc -lpthread -rdynamic -Wl,--no-undefined -Wl,--no-undefined -shared -static-libgcc conftest.c -shared -Wl,-Bstatic -llapack -lblas -lm -latlas -Wl,-Bdynamic -lm -Wl,--no-undefined >&5
/usr/bin/ld: /usr/lib/gcc/x86_64-linux-gnu/4.8/../../../../lib/libblas.a(dgemm.o): relocation R_X86_64_32 against `.rodata' can not be used when making a shared object; recompile with -fPIC
/usr/lib/gcc/x86_64-linux-gnu/4.8/../../../../lib/libblas.a: error adding symbols: Bad value
collect2: error: ld returned 1 exit status
configure:3949: $? = 1
configure: failed program was:
| /* confdefs.h */
| #define PACKAGE_NAME "OpenModelica Exported FMU"
| #define PACKAGE_TARNAME "openmodelica"
| #define PACKAGE_VERSION "dev"
| #define PACKAGE_STRING "OpenModelica Exported FMU dev"
| #define PACKAGE_BUGREPORT "https://trac.openmodelica.org/OpenModelica"
| #define PACKAGE_URL "https://openmodelica.org"
| #define HAVE_SYS_TYPES_H 1
| #define HAVE_SYS_STAT_H 1
| #define HAVE_STDLIB_H 1
| #define HAVE_STRING_H 1
| #define HAVE_MEMORY_H 1
| #define HAVE_STRINGS_H 1
| #define HAVE_INTTYPES_H 1
| #define HAVE_STDINT_H 1
| #define HAVE_UNISTD_H 1
| #define HAVE_VPRINTF 1
| #define HAVE_STRDUP 1
| #define HAVE_STRERROR 1
| /* end confdefs.h.  */
| 
| /* Override any GCC internal prototype to avoid an error.
|    Use char because int might match the return type of a GCC
|    builtin and then its argument prototype would still apply.  */
| #ifdef __cplusplus
| extern "C"
| #endif
| char dgesv_ ();
| int
| main ()
| {
| return dgesv_ ();
|   ;
|   return 0;
| }
configure:3949: gcc -o conftest -fPIC -O0 -falign-functions -march=native  -fno-stack-protector -Wno-parentheses-equality -Wno-unused-variable -fPIC  -L/usr/local/lib/x86_64-linux-gnu/omc -Wl,-rpath,/usr/local/lib/x86_64-linux-gnu/omc   -lSimulationRuntimeC  -llapack -lblas   -lm -lomcgc -lpthread -rdynamic -Wl,--no-undefined -Wl,--no-undefined -shared -static-libgcc conftest.c -shared -Wl,-Bstatic -llapack -lblas -lm -latlas -Wl,-Bdynamic -lpthread -Wl,--no-undefined >&5
/usr/bin/ld: /usr/lib/gcc/x86_64-linux-gnu/4.8/../../../../lib/libblas.a(dgemm.o): relocation R_X86_64_32 against `.rodata' can not be used when making a shared object; recompile with -fPIC
/usr/lib/gcc/x86_64-linux-gnu/4.8/../../../../lib/libblas.a: error adding symbols: Bad value
collect2: error: ld returned 1 exit status
configure:3949: $? = 1
configure: failed program was:
| /* confdefs.h */
| #define PACKAGE_NAME "OpenModelica Exported FMU"
| #define PACKAGE_TARNAME "openmodelica"
| #define PACKAGE_VERSION "dev"
| #define PACKAGE_STRING "OpenModelica Exported FMU dev"
| #define PACKAGE_BUGREPORT "https://trac.openmodelica.org/OpenModelica"
| #define PACKAGE_URL "https://openmodelica.org"
| #define HAVE_SYS_TYPES_H 1
| #define HAVE_SYS_STAT_H 1
| #define HAVE_STDLIB_H 1
| #define HAVE_STRING_H 1
| #define HAVE_MEMORY_H 1
| #define HAVE_STRINGS_H 1
| #define HAVE_INTTYPES_H 1
| #define HAVE_STDINT_H 1
| #define HAVE_UNISTD_H 1
| #define HAVE_VPRINTF 1
| #define HAVE_STRDUP 1
| #define HAVE_STRERROR 1
| /* end confdefs.h.  */
| 
| /* Override any GCC internal prototype to avoid an error.
|    Use char because int might match the return type of a GCC
|    builtin and then its argument prototype would still apply.  */
| #ifdef __cplusplus
| extern "C"
| #endif
| char dgesv_ ();
| int
| main ()
| {
| return dgesv_ ();
|   ;
|   return 0;
| }
configure:3949: gcc -o conftest -fPIC -O0 -falign-functions -march=native  -fno-stack-protector -Wno-parentheses-equality -Wno-unused-variable -fPIC  -L/usr/local/lib/x86_64-linux-gnu/omc -Wl,-rpath,/usr/local/lib/x86_64-linux-gnu/omc   -lSimulationRuntimeC  -llapack -lblas   -lm -lomcgc -lpthread -rdynamic -Wl,--no-undefined -Wl,--no-undefined -shared -static-libgcc conftest.c -shared -Wl,-Bstatic -llapack -lblas -lm -latlas -Wl,-Bdynamic -lm -lpthread -Wl,--no-undefined >&5
/usr/bin/ld: /usr/lib/gcc/x86_64-linux-gnu/4.8/../../../../lib/libblas.a(dgemm.o): relocation R_X86_64_32 against `.rodata' can not be used when making a shared object; recompile with -fPIC
/usr/lib/gcc/x86_64-linux-gnu/4.8/../../../../lib/libblas.a: error adding symbols: Bad value
collect2: error: ld returned 1 exit status
configure:3949: $? = 1
configure: failed program was:
| /* confdefs.h */
| #define PACKAGE_NAME "OpenModelica Exported FMU"
| #define PACKAGE_TARNAME "openmodelica"
| #define PACKAGE_VERSION "dev"
| #define PACKAGE_STRING "OpenModelica Exported FMU dev"
| #define PACKAGE_BUGREPORT "https://trac.openmodelica.org/OpenModelica"
| #define PACKAGE_URL "https://openmodelica.org"
| #define HAVE_SYS_TYPES_H 1
| #define HAVE_SYS_STAT_H 1
| #define HAVE_STDLIB_H 1
| #define HAVE_STRING_H 1
| #define HAVE_MEMORY_H 1
| #define HAVE_STRINGS_H 1
| #define HAVE_INTTYPES_H 1
| #define HAVE_STDINT_H 1
| #define HAVE_UNISTD_H 1
| #define HAVE_VPRINTF 1
| #define HAVE_STRDUP 1
| #define HAVE_STRERROR 1
| /* end confdefs.h.  */
| 
| /* Override any GCC internal prototype to avoid an error.
|    Use char because int might match the return type of a GCC
|    builtin and then its argument prototype would still apply.  */
| #ifdef __cplusplus
| extern "C"
| #endif
| char dgesv_ ();
| int
| main ()
| {
| return dgesv_ ();
|   ;
|   return 0;
| }
configure:3991: result: not found
configure:4069: checking for static pthreads
configure:4091: gcc -o conftest -fPIC -O0 -falign-functions -march=native  -fno-stack-protector -Wno-parentheses-equality -Wno-unused-variable -fPIC  -L/usr/local/lib/x86_64-linux-gnu/omc -Wl,-rpath,/usr/local/lib/x86_64-linux-gnu/omc   -lSimulationRuntimeC  -llapack -lblas   -lm -lomcgc -lpthread -rdynamic -Wl,--no-undefined -Wl,--no-undefined -shared -static-libgcc conftest.c  -Wl,-Bstatic -lpthread -Wl,-Bdynamic >&5
/usr/bin/ld: /usr/lib/gcc/x86_64-linux-gnu/4.8/../../../x86_64-linux-gnu/libpthread.a(pthread_mutex_lock.o): relocation R_X86_64_32 against `.rodata.str1.16' can not be used when making a shared object; recompile with -fPIC
/usr/lib/gcc/x86_64-linux-gnu/4.8/../../../x86_64-linux-gnu/libpthread.a: error adding symbols: Bad value
collect2: error: ld returned 1 exit status
configure:4091: $? = 1
configure: failed program was:
| /* confdefs.h */
| #define PACKAGE_NAME "OpenModelica Exported FMU"
| #define PACKAGE_TARNAME "openmodelica"
| #define PACKAGE_VERSION "dev"
| #define PACKAGE_STRING "OpenModelica Exported FMU dev"
| #define PACKAGE_BUGREPORT "https://trac.openmodelica.org/OpenModelica"
| #define PACKAGE_URL "https://openmodelica.org"
| #define HAVE_SYS_TYPES_H 1
| #define HAVE_SYS_STAT_H 1
| #define HAVE_STDLIB_H 1
| #define HAVE_STRING_H 1
| #define HAVE_MEMORY_H 1
| #define HAVE_STRINGS_H 1
| #define HAVE_INTTYPES_H 1
| #define HAVE_STDINT_H 1
| #define HAVE_UNISTD_H 1
| #define HAVE_VPRINTF 1
| #define HAVE_STRDUP 1
| #define HAVE_STRERROR 1
| /* end confdefs.h.  */
| 
| /* Override any GCC internal prototype to avoid an error.
|    Use char because int might match the return type of a GCC
|    builtin and then its argument prototype would still apply.  */
| #ifdef __cplusplus
| extern "C"
| #endif
| char pthread_mutex_lock ();
| int
| main ()
| {
| return pthread_mutex_lock ();
|   ;
|   return 0;
| }
configure:4096: result: no
configure:4099: checking for pthread_mutex_lock in -lpthread
configure:4124: gcc -o conftest -fPIC -O0 -falign-functions -march=native  -fno-stack-protector -Wno-parentheses-equality -Wno-unused-variable -fPIC  -L/usr/local/lib/x86_64-linux-gnu/omc -Wl,-rpath,/usr/local/lib/x86_64-linux-gnu/omc   -lSimulationRuntimeC  -llapack -lblas   -lm -lomcgc -lpthread -rdynamic -Wl,--no-undefined -Wl,--no-undefined -shared -static-libgcc conftest.c -lpthread   >&5
configure:4124: $? = 0
configure:4133: result: yes
configure:4151: checking for cos in -lm
configure:4176: gcc -o conftest -fPIC -O0 -falign-functions -march=native  -fno-stack-protector -Wno-parentheses-equality -Wno-unused-variable -fPIC  -L/usr/local/lib/x86_64-linux-gnu/omc -Wl,-rpath,/usr/local/lib/x86_64-linux-gnu/omc   -lSimulationRuntimeC  -llapack -lblas   -lm -lomcgc -lpthread -rdynamic -Wl,--no-undefined -Wl,--no-undefined -shared -static-libgcc conftest.c -lm  -lpthread  >&5
conftest.c:29:6: warning: conflicting types for built-in function 'cos' [enabled by default]
 char cos ();
      ^
cc1: warning: unrecognized command line option "-Wno-parentheses-equality" [enabled by default]
configure:4176: $? = 0
configure:4185: result: yes
configure:4395: creating ./config.status

## ---------------------- ##
## Running config.status. ##
## ---------------------- ##

This file was extended by OpenModelica Exported FMU config.status dev, which was
generated by GNU Autoconf 2.69.  Invocation command line was

  CONFIG_FILES    = 
  CONFIG_HEADERS  = 
  CONFIG_LINKS    = 
  CONFIG_COMMANDS = 
  $ ./config.status 

on ubuntu

config.status:743: creating Makefile

## ---------------- ##
## Cache variables. ##
## ---------------- ##

ac_cv_build=x86_64-unknown-linux-gnu
ac_cv_c_compiler_gnu=yes
ac_cv_c_const=yes
ac_cv_env_CC_set=set
ac_cv_env_CC_value=gcc
ac_cv_env_CFLAGS_set=set
ac_cv_env_CFLAGS_value='-fPIC -O0 -falign-functions -march=native '
ac_cv_env_CPPFLAGS_set=
ac_cv_env_CPPFLAGS_value=
ac_cv_env_CPP_set=
ac_cv_env_CPP_value=
ac_cv_env_LDFLAGS_set=set
ac_cv_env_LDFLAGS_value='-L/usr/local/lib/x86_64-linux-gnu/omc -Wl,-rpath,/usr/local/lib/x86_64-linux-gnu/omc   -lSimulationRuntimeC  -llapack -lblas   -lm -lomcgc -lpthread -rdynamic -Wl,--no-undefined'
ac_cv_env_LIBS_set=
ac_cv_env_LIBS_value=
ac_cv_env_build_alias_set=
ac_cv_env_build_alias_value=
ac_cv_env_host_alias_set=
ac_cv_env_host_alias_value=
ac_cv_env_target_alias_set=
ac_cv_env_target_alias_value=
ac_cv_func__doprnt=no
ac_cv_func_strdup=yes
ac_cv_func_strerror=yes
ac_cv_func_vprintf=yes
ac_cv_header_inttypes_h=yes
ac_cv_header_memory_h=yes
ac_cv_header_stdc=no
ac_cv_header_stdint_h=yes
ac_cv_header_stdlib_h=yes
ac_cv_header_string_h=yes
ac_cv_header_strings_h=yes
ac_cv_header_sys_stat_h=yes
ac_cv_header_sys_types_h=yes
ac_cv_header_unistd_h=yes
ac_cv_host=x86_64-unknown-linux-gnu
ac_cv_lib_m_cos=yes
ac_cv_lib_pthread_pthread_mutex_lock=yes
ac_cv_objext=o
ac_cv_path_EGREP='/bin/grep -E'
ac_cv_path_GREP=/bin/grep
ac_cv_prog_CPP='gcc -E'
ac_cv_prog_ac_ct_CC=gcc
ac_cv_prog_cc_c89=
ac_cv_prog_cc_g=yes
ac_cv_prog_make_make_set=yes
ac_cv_target=x86_64-unknown-linux-gnu
ac_cv_type_size_t=yes

## ----------------- ##
## Output variables. ##
## ----------------- ##

CC='gcc'
CFLAGS='-fPIC -O0 -falign-functions -march=native  -fno-stack-protector -Wno-parentheses-equality -Wno-unused-variable -fPIC'
CPP='gcc -E'
CPPFLAGS=''
DEFS='-DPACKAGE_NAME=\"OpenModelica\ Exported\ FMU\" -DPACKAGE_TARNAME=\"openmodelica\" -DPACKAGE_VERSION=\"dev\" -DPACKAGE_STRING=\"OpenModelica\ Exported\ FMU\ dev\" -DPACKAGE_BUGREPORT=\"https://trac.openmodelica.org/OpenModelica\" -DPACKAGE_URL=\"https://openmodelica.org\" -DHAVE_SYS_TYPES_H=1 -DHAVE_SYS_STAT_H=1 -DHAVE_STDLIB_H=1 -DHAVE_STRING_H=1 -DHAVE_MEMORY_H=1 -DHAVE_STRINGS_H=1 -DHAVE_INTTYPES_H=1 -DHAVE_STDINT_H=1 -DHAVE_UNISTD_H=1 -DHAVE_VPRINTF=1 -DHAVE_STRDUP=1 -DHAVE_STRERROR=1 -DHAVE_LIBPTHREAD=1 -DHAVE_LIBM=1'
DLLEXT='.so'
ECHO_C=''
ECHO_N='-n'
ECHO_T=''
EGREP='/bin/grep -E'
EXEEXT=''
FMIPLATFORM='linux64'
GREP='/bin/grep'
LDFLAGS='-L/usr/local/lib/x86_64-linux-gnu/omc -Wl,-rpath,/usr/local/lib/x86_64-linux-gnu/omc   -lSimulationRuntimeC  -llapack -lblas   -lm -lomcgc -lpthread -rdynamic -Wl,--no-undefined -Wl,--no-undefined -shared -static-libgcc'
LIBOBJS=''
LIBS='-lm -lpthread '
LTLIBOBJS=''
NEED_DGESV='1'
NEED_RUNTIME=''
OBJEXT='o'
PACKAGE_BUGREPORT='https://trac.openmodelica.org/OpenModelica'
PACKAGE_NAME='OpenModelica Exported FMU'
PACKAGE_STRING='OpenModelica Exported FMU dev'
PACKAGE_TARNAME='openmodelica'
PACKAGE_URL='https://openmodelica.org'
PACKAGE_VERSION='dev'
PATH_SEPARATOR=':'
SET_MAKE=''
SHELL='/bin/bash'
ac_ct_CC='gcc'
bindir='${exec_prefix}/bin'
build='x86_64-unknown-linux-gnu'
build_alias=''
build_cpu='x86_64'
build_os='linux-gnu'
build_vendor='unknown'
datadir='${datarootdir}'
datarootdir='${prefix}/share'
docdir='${datarootdir}/doc/${PACKAGE_TARNAME}'
dvidir='${docdir}'
exec_prefix='${prefix}'
host='x86_64-unknown-linux-gnu'
host_alias=''
host_cpu='x86_64'
host_os='linux-gnu'
host_vendor='unknown'
htmldir='${docdir}'
includedir='${prefix}/include'
infodir='${datarootdir}/info'
libdir='${exec_prefix}/lib'
libexecdir='${exec_prefix}/libexec'
localedir='${datarootdir}/locale'
localstatedir='${prefix}/var'
mandir='${datarootdir}/man'
oldincludedir='/usr/include'
pdfdir='${docdir}'
prefix='/usr/local'
program_transform_name='s,x,x,'
psdir='${docdir}'
sbindir='${exec_prefix}/sbin'
sharedstatedir='${prefix}/com'
sysconfdir='${prefix}/etc'
target='x86_64-unknown-linux-gnu'
target_alias=''
target_cpu='x86_64'
target_os='linux-gnu'
target_vendor='unknown'

## ----------- ##
## confdefs.h. ##
## ----------- ##

/* confdefs.h */
#define PACKAGE_NAME "OpenModelica Exported FMU"
#define PACKAGE_TARNAME "openmodelica"
#define PACKAGE_VERSION "dev"
#define PACKAGE_STRING "OpenModelica Exported FMU dev"
#define PACKAGE_BUGREPORT "https://trac.openmodelica.org/OpenModelica"
#define PACKAGE_URL "https://openmodelica.org"
#define HAVE_SYS_TYPES_H 1
#define HAVE_SYS_STAT_H 1
#define HAVE_STDLIB_H 1
#define HAVE_STRING_H 1
#define HAVE_MEMORY_H 1
#define HAVE_STRINGS_H 1
#define HAVE_INTTYPES_H 1
#define HAVE_STDINT_H 1
#define HAVE_UNISTD_H 1
#define HAVE_VPRINTF 1
#define HAVE_STRDUP 1
#define HAVE_STRERROR 1
#define HAVE_LIBPTHREAD 1
#define HAVE_LIBM 1

configure: exit 0
