make: Entering directory `/home/ozi/Documents/adevs-code/examples/fmi/parallelFMI/MultiTankSystems/1-FMU/SerialTanks.fmutmp/sources'
gcc -fPIC -O0 -falign-functions -march=native  -fno-stack-protector -Wno-parentheses-equality -Wno-unused-variable -fPIC -Iinclude/ -Iinclude/fmi2 -I.    -c -o SerialTanks_FMU.o SerialTanks_FMU.c
gcc -fPIC -O0 -falign-functions -march=native  -fno-stack-protector -Wno-parentheses-equality -Wno-unused-variable -fPIC -Iinclude/ -Iinclude/fmi2 -I.    -c -o SerialTanks.o SerialTanks.c
gcc -fPIC -O0 -falign-functions -march=native  -fno-stack-protector -Wno-parentheses-equality -Wno-unused-variable -fPIC -Iinclude/ -Iinclude/fmi2 -I.    -c -o SerialTanks_functions.o SerialTanks_functions.c
gcc -fPIC -O0 -falign-functions -march=native  -fno-stack-protector -Wno-parentheses-equality -Wno-unused-variable -fPIC -Iinclude/ -Iinclude/fmi2 -I.    -c -o SerialTanks_records.o SerialTanks_records.c
gcc -fPIC -O0 -falign-functions -march=native  -fno-stack-protector -Wno-parentheses-equality -Wno-unused-variable -fPIC -Iinclude/ -Iinclude/fmi2 -I.    -c -o SerialTanks_01exo.o SerialTanks_01exo.c
gcc -fPIC -O0 -falign-functions -march=native  -fno-stack-protector -Wno-parentheses-equality -Wno-unused-variable -fPIC -Iinclude/ -Iinclude/fmi2 -I.    -c -o SerialTanks_02nls.o SerialTanks_02nls.c
gcc -fPIC -O0 -falign-functions -march=native  -fno-stack-protector -Wno-parentheses-equality -Wno-unused-variable -fPIC -Iinclude/ -Iinclude/fmi2 -I.    -c -o SerialTanks_03lsy.o SerialTanks_03lsy.c
gcc -fPIC -O0 -falign-functions -march=native  -fno-stack-protector -Wno-parentheses-equality -Wno-unused-variable -fPIC -Iinclude/ -Iinclude/fmi2 -I.    -c -o SerialTanks_04set.o SerialTanks_04set.c
gcc -fPIC -O0 -falign-functions -march=native  -fno-stack-protector -Wno-parentheses-equality -Wno-unused-variable -fPIC -Iinclude/ -Iinclude/fmi2 -I.    -c -o SerialTanks_05evt.o SerialTanks_05evt.c
gcc -fPIC -O0 -falign-functions -march=native  -fno-stack-protector -Wno-parentheses-equality -Wno-unused-variable -fPIC -Iinclude/ -Iinclude/fmi2 -I.    -c -o SerialTanks_06inz.o SerialTanks_06inz.c
gcc -fPIC -O0 -falign-functions -march=native  -fno-stack-protector -Wno-parentheses-equality -Wno-unused-variable -fPIC -Iinclude/ -Iinclude/fmi2 -I.    -c -o SerialTanks_07dly.o SerialTanks_07dly.c
gcc -fPIC -O0 -falign-functions -march=native  -fno-stack-protector -Wno-parentheses-equality -Wno-unused-variable -fPIC -Iinclude/ -Iinclude/fmi2 -I.    -c -o SerialTanks_08bnd.o SerialTanks_08bnd.c
gcc -fPIC -O0 -falign-functions -march=native  -fno-stack-protector -Wno-parentheses-equality -Wno-unused-variable -fPIC -Iinclude/ -Iinclude/fmi2 -I.    -c -o SerialTanks_09alg.o SerialTanks_09alg.c
gcc -fPIC -O0 -falign-functions -march=native  -fno-stack-protector -Wno-parentheses-equality -Wno-unused-variable -fPIC -Iinclude/ -Iinclude/fmi2 -I.    -c -o SerialTanks_10asr.o SerialTanks_10asr.c
gcc -fPIC -O0 -falign-functions -march=native  -fno-stack-protector -Wno-parentheses-equality -Wno-unused-variable -fPIC -Iinclude/ -Iinclude/fmi2 -I.    -c -o SerialTanks_11mix.o SerialTanks_11mix.c
gcc -fPIC -O0 -falign-functions -march=native  -fno-stack-protector -Wno-parentheses-equality -Wno-unused-variable -fPIC -Iinclude/ -Iinclude/fmi2 -I.    -c -o SerialTanks_12jac.o SerialTanks_12jac.c
gcc -fPIC -O0 -falign-functions -march=native  -fno-stack-protector -Wno-parentheses-equality -Wno-unused-variable -fPIC -Iinclude/ -Iinclude/fmi2 -I.    -c -o SerialTanks_13opt.o SerialTanks_13opt.c
gcc -fPIC -O0 -falign-functions -march=native  -fno-stack-protector -Wno-parentheses-equality -Wno-unused-variable -fPIC -Iinclude/ -Iinclude/fmi2 -I.    -c -o SerialTanks_14lnz.o SerialTanks_14lnz.c
gcc -fPIC -O0 -falign-functions -march=native  -fno-stack-protector -Wno-parentheses-equality -Wno-unused-variable -fPIC -Iinclude/ -Iinclude/fmi2 -I.    -c -o SerialTanks_15syn.o SerialTanks_15syn.c
gcc -fPIC -O0 -falign-functions -march=native  -fno-stack-protector -Wno-parentheses-equality -Wno-unused-variable -fPIC -Iinclude/ -Iinclude/fmi2 -I.    -c -o SerialTanks_init_fmu.o SerialTanks_init_fmu.c
SerialTanks_init_fmu.c: In function ‘SerialTanks_read_input_fmu’:
SerialTanks_init_fmu.c:742:3: warning: overflow in implicit constant conversion [-Woverflow]
   modelData->integerParameterData[0].attribute.min = -DBL_MAX;
   ^
SerialTanks_init_fmu.c:743:3: warning: overflow in implicit constant conversion [-Woverflow]
   modelData->integerParameterData[0].attribute.max = DBL_MAX;
   ^
SerialTanks_init_fmu.c: At top level:
cc1: warning: unrecognized command line option "-Wno-parentheses-equality" [enabled by default]
gcc -shared -o SerialTanks.so SerialTanks_FMU.o SerialTanks.o SerialTanks_functions.o SerialTanks_records.o SerialTanks_01exo.o SerialTanks_02nls.o SerialTanks_03lsy.o SerialTanks_04set.o SerialTanks_05evt.o SerialTanks_06inz.o SerialTanks_07dly.o SerialTanks_08bnd.o SerialTanks_09alg.o SerialTanks_10asr.o SerialTanks_11mix.o SerialTanks_12jac.o SerialTanks_13opt.o SerialTanks_14lnz.o SerialTanks_15syn.o SerialTanks_init_fmu.o  -L"/home/ozi/Documents/adevs-code/examples/fmi/parallelFMI/MultiTankSystems/1-FMU"   -L/usr/local/lib/x86_64-linux-gnu/omc -Wl,-rpath,/usr/local/lib/x86_64-linux-gnu/omc   -lSimulationRuntimeC  -llapack -lblas   -lm -lomcgc -lpthread -rdynamic -Wl,--no-undefined -Wl,--no-undefined -shared -static-libgcc -lm -lpthread 
mkdir -p ../binaries/linux64
cp SerialTanks.so SerialTanks_FMU.libs config.log ../binaries/linux64/
make distclean
make[1]: Entering directory `/home/ozi/Documents/adevs-code/examples/fmi/parallelFMI/MultiTankSystems/1-FMU/SerialTanks.fmutmp/sources'
rm -f SerialTanks.def SerialTanks.o SerialTanks.so SerialTanks_FMU.o SerialTanks.o SerialTanks_functions.o SerialTanks_records.o SerialTanks_01exo.o SerialTanks_02nls.o SerialTanks_03lsy.o SerialTanks_04set.o SerialTanks_05evt.o SerialTanks_06inz.o SerialTanks_07dly.o SerialTanks_08bnd.o SerialTanks_09alg.o SerialTanks_10asr.o SerialTanks_11mix.o SerialTanks_12jac.o SerialTanks_13opt.o SerialTanks_14lnz.o SerialTanks_15syn.o SerialTanks_init_fmu.o 
rm -f Makefile config.status config.log
make[1]: Leaving directory `/home/ozi/Documents/adevs-code/examples/fmi/parallelFMI/MultiTankSystems/1-FMU/SerialTanks.fmutmp/sources'
cd .. && rm -f ../SerialTanks.fmu && zip -r ../SerialTanks.fmu *
  adding: binaries/ (stored 0%)
  adding: binaries/linux64/ (stored 0%)
  adding: binaries/linux64/SerialTanks.so (deflated 85%)
  adding: binaries/linux64/config.log (deflated 92%)
  adding: binaries/linux64/SerialTanks_FMU.libs (stored 0%)
  adding: modelDescription.xml (deflated 89%)
  adding: sources/ (stored 0%)
  adding: sources/SerialTanks_03lsy.c (deflated 63%)
  adding: sources/SerialTanks_includes.h (stored 0%)
  adding: sources/SerialTanks_functions.h (deflated 51%)
  adding: sources/SerialTanks_13opt.h (deflated 58%)
  adding: sources/SerialTanks_01exo.c (deflated 61%)
  adding: sources/SerialTanks_11mix.c (deflated 60%)
  adding: sources/SerialTanks_09alg.c (deflated 57%)
  adding: sources/install-sh (deflated 61%)
  adding: sources/SerialTanks_15syn.c (deflated 64%)
  adding: sources/SerialTanks_11mix.h (stored 0%)
  adding: sources/SerialTanks.makefile (deflated 2%)
  adding: sources/SerialTanks_12jac.h (deflated 83%)
  adding: sources/config.sub (deflated 71%)
  adding: sources/SerialTanks_init_fmu.c (deflated 93%)
  adding: sources/SerialTanks_12jac.c (deflated 79%)
  adding: sources/include/ (stored 0%)
  adding: sources/include/openmodelica_types.h (deflated 58%)
  adding: sources/include/openmodelica.h (deflated 59%)
  adding: sources/include/suitesparse/ (stored 0%)
  adding: sources/include/suitesparse/Include/ (stored 0%)
  adding: sources/include/suitesparse/Include/umfpack_save_numeric.h (deflated 73%)
  adding: sources/include/suitesparse/Include/colamd.h (deflated 71%)
  adding: sources/include/suitesparse/Include/btf.h (deflated 68%)
  adding: sources/include/suitesparse/Include/umfpack_solve.h (deflated 71%)
  adding: sources/include/suitesparse/Include/umfpack_save_symbolic.h (deflated 74%)
  adding: sources/include/suitesparse/Include/umfpack_get_lunz.h (deflated 73%)
  adding: sources/include/suitesparse/Include/umfpack_timer.h (deflated 58%)
  adding: sources/include/suitesparse/Include/umfpack_report_symbolic.h (deflated 69%)
  adding: sources/include/suitesparse/Include/umfpack_free_numeric.h (deflated 71%)
  adding: sources/include/suitesparse/Include/umfpack_triplet_to_col.h (deflated 68%)
  adding: sources/include/suitesparse/Include/umfpack_report_info.h (deflated 72%)
  adding: sources/include/suitesparse/Include/klu.h (deflated 80%)
  adding: sources/include/suitesparse/Include/amd.h (deflated 68%)
  adding: sources/include/suitesparse/Include/umfpack_numeric.h (deflated 71%)
  adding: sources/include/suitesparse/Include/umfpack_scale.h (deflated 70%)
  adding: sources/include/suitesparse/Include/umfpack_global.h (deflated 67%)
  adding: sources/include/suitesparse/Include/umfpack_report_matrix.h (deflated 73%)
  adding: sources/include/suitesparse/Include/umfpack_free_symbolic.h (deflated 71%)
  adding: sources/include/suitesparse/Include/umfpack_report_perm.h (deflated 69%)
  adding: sources/include/suitesparse/Include/umfpack_load_numeric.h (deflated 69%)
  adding: sources/include/suitesparse/Include/UFconfig.h (deflated 65%)
  adding: sources/include/suitesparse/Include/umfpack_report_vector.h (deflated 68%)
  adding: sources/include/suitesparse/Include/umfpack_get_symbolic.h (deflated 74%)
  adding: sources/include/suitesparse/Include/amd_internal.h (deflated 71%)
  adding: sources/include/suitesparse/Include/umfpack_load_symbolic.h (deflated 69%)
  adding: sources/include/suitesparse/Include/umfpack_report_status.h (deflated 71%)
  adding: sources/include/suitesparse/Include/umfpack_report_triplet.h (deflated 71%)
  adding: sources/include/suitesparse/Include/umfpack_symbolic.h (deflated 71%)
  adding: sources/include/suitesparse/Include/umfpack_tictoc.h (deflated 63%)
  adding: sources/include/suitesparse/Include/umfpack_transpose.h (deflated 71%)
  adding: sources/include/suitesparse/Include/umfpack_report_control.h (deflated 71%)
  adding: sources/include/suitesparse/Include/umfpack_get_numeric.h (deflated 71%)
  adding: sources/include/suitesparse/Include/umfpack_get_determinant.h (deflated 71%)
  adding: sources/include/suitesparse/Include/umfpack_defaults.h (deflated 72%)
  adding: sources/include/suitesparse/Include/umfpack_col_to_triplet.h (deflated 65%)
  adding: sources/include/suitesparse/Include/umfpack.h (deflated 71%)
  adding: sources/include/suitesparse/Include/umfpack_qsymbolic.h (deflated 72%)
  adding: sources/include/suitesparse/Include/umfpack_report_numeric.h (deflated 68%)
  adding: sources/include/suitesparse/Include/umfpack_wsolve.h (deflated 75%)
  adding: sources/include/Makefile.objs (deflated 72%)
  adding: sources/include/simulation/ (stored 0%)
  adding: sources/include/simulation/simulation_info_json.h (deflated 49%)
  adding: sources/include/simulation/simulation_runtime.h (deflated 56%)
  adding: sources/include/simulation/modelinfo.h (deflated 50%)
  adding: sources/include/simulation/simulation_omc_assert.c (deflated 71%)
  adding: sources/include/simulation/results/ (stored 0%)
  adding: sources/include/simulation/results/simulation_result.h (deflated 52%)
  adding: sources/include/simulation/simulation_info_json.c (deflated 71%)
  adding: sources/include/simulation/options.c (deflated 70%)
  adding: sources/include/simulation/solver/ (stored 0%)
  adding: sources/include/simulation/solver/omc_math.c (deflated 84%)
  adding: sources/include/simulation/solver/initialization/ (stored 0%)
  adding: sources/include/simulation/solver/initialization/initialization.h (deflated 49%)
  adding: sources/include/simulation/solver/initialization/initialization.c (deflated 78%)
  adding: sources/include/simulation/solver/mixedSystem.c (deflated 64%)
  adding: sources/include/simulation/solver/linearSolverTotalPivot.c (deflated 70%)
  adding: sources/include/simulation/solver/omc_math.h (deflated 71%)
  adding: sources/include/simulation/solver/model_help.c (deflated 83%)
  adding: sources/include/simulation/solver/stateset.h (deflated 51%)
  adding: sources/include/simulation/solver/nonlinearSolverHomotopy.h (deflated 48%)
  adding: sources/include/simulation/solver/solver_main.h (deflated 57%)
  adding: sources/include/simulation/solver/mixedSystem.h (deflated 48%)
  adding: sources/include/simulation/solver/nonlinearValuesList.c (deflated 72%)
  adding: sources/include/simulation/solver/events.h (deflated 51%)
  adding: sources/include/simulation/solver/linearSolverLapack.c (deflated 68%)
  adding: sources/include/simulation/solver/nonlinearSolverHybrd.c (deflated 81%)
  adding: sources/include/simulation/solver/nonlinearSolverHybrd.h (deflated 56%)
  adding: sources/include/simulation/solver/stateset.c (deflated 74%)
  adding: sources/include/simulation/solver/epsilon.h (deflated 47%)
  adding: sources/include/simulation/solver/model_help.h (deflated 69%)
  adding: sources/include/simulation/solver/linearSystem.h (deflated 51%)
  adding: sources/include/simulation/solver/nonlinearSystem.c (deflated 79%)
  adding: sources/include/simulation/solver/linearSystem.c (deflated 77%)
  adding: sources/include/simulation/solver/linearSolverTotalPivot.h (deflated 47%)
  adding: sources/include/simulation/solver/nonlinearSolverHomotopy.c (deflated 81%)
  adding: sources/include/simulation/solver/mixedSearchSolver.h (deflated 46%)
  adding: sources/include/simulation/solver/nonlinearSystem.h (deflated 54%)
  adding: sources/include/simulation/solver/external_input.h (deflated 45%)
  adding: sources/include/simulation/solver/dassl.h (deflated 55%)
  adding: sources/include/simulation/solver/perform_qss_simulation.c (deflated 71%)
  adding: sources/include/simulation/solver/mixedSearchSolver.c (deflated 67%)
  adding: sources/include/simulation/solver/nonlinearValuesList.h (deflated 52%)
  adding: sources/include/simulation/solver/delay.c (deflated 67%)
  adding: sources/include/simulation/solver/synchronous.h (deflated 50%)
  adding: sources/include/simulation/solver/delay.h (deflated 50%)
  adding: sources/include/simulation/solver/perform_simulation.c (deflated 71%)
  adding: sources/include/simulation/solver/linearSolverLapack.h (deflated 47%)
  adding: sources/include/simulation/solver/synchronous.c (deflated 67%)
  adding: sources/include/simulation/options.h (deflated 46%)
  adding: sources/include/simulation/simulation_input_xml.h (deflated 47%)
  adding: sources/include/meta/ (stored 0%)
  adding: sources/include/meta/meta_modelica_catch.c (deflated 44%)
  adding: sources/include/meta/meta_modelica_builtin_boxvar.h (deflated 90%)
  adding: sources/include/meta/meta_modelica.h (deflated 61%)
  adding: sources/include/meta/meta_modelica_segv.h (deflated 57%)
  adding: sources/include/meta/meta_modelica_data.h (deflated 68%)
  adding: sources/include/meta/meta_modelica_builtin_boxptr.h (deflated 76%)
  adding: sources/include/meta/gc/ (stored 0%)
  adding: sources/include/meta/gc/mmc_gc.h (deflated 57%)
  adding: sources/include/meta/meta_modelica_mk_box.h (deflated 94%)
  adding: sources/include/meta/meta_modelica_builtin.h (deflated 74%)
  adding: sources/include/optimization/ (stored 0%)
  adding: sources/include/optimization/OptimizerData.h (deflated 63%)
  adding: sources/include/optimization/OptimizerLocalFunction.h (deflated 55%)
  adding: sources/include/optimization/OptimizerInterface.h (deflated 45%)
  adding: sources/include/blaswrap.h (deflated 78%)
  adding: sources/include/gc_version.h (deflated 56%)
  adding: sources/include/ModelicaUtilities.h (deflated 66%)
  adding: sources/include/openmodelica_func.h (deflated 71%)
  adding: sources/include/linearization/ (stored 0%)
  adding: sources/include/linearization/linearize.h (deflated 46%)
  adding: sources/include/gc.h (deflated 75%)
  adding: sources/include/math-support/ (stored 0%)
  adding: sources/include/math-support/pivot.c (deflated 65%)
  adding: sources/include/fmi1/ (stored 0%)
  adding: sources/include/fmi1/fmu1_model_interface.h (deflated 47%)
  adding: sources/include/fmi1/fmiModelFunctions.h (deflated 75%)
  adding: sources/include/fmi1/fmu1_model_interface.c (deflated 83%)
  adding: sources/include/fmi1/fmiModelTypes.h (deflated 58%)
  adding: sources/include/fmi2/ (stored 0%)
  adding: sources/include/fmi2/fmi2Functions.h (deflated 74%)
  adding: sources/include/fmi2/fmu2_model_interface.h (deflated 53%)
  adding: sources/include/fmi2/fmu2_model_interface.c (deflated 83%)
  adding: sources/include/fmi2/fmi2FunctionTypes.h (deflated 73%)
  adding: sources/include/fmi2/fmi2TypesPlatform.h (deflated 61%)
  adding: sources/include/gc_pthread_redirects.h (deflated 63%)
  adding: sources/include/omc_inline.h (deflated 47%)
  adding: sources/include/OpenModelicaBootstrappingHeader.h (deflated 91%)
  adding: sources/include/fmi/ (stored 0%)
  adding: sources/include/util/ (stored 0%)
  adding: sources/include/util/memory_pool.c (deflated 63%)
  adding: sources/include/util/utility.h (deflated 64%)
  adding: sources/include/util/java_interface.h (deflated 61%)
  adding: sources/include/util/list.c (deflated 73%)
  adding: sources/include/util/read_write.h (deflated 69%)
  adding: sources/include/util/cJSON.h (deflated 65%)
  adding: sources/include/util/modelica.h (deflated 55%)
  adding: sources/include/util/omc_error.c (deflated 76%)
  adding: sources/include/util/string_array.c (deflated 81%)
  adding: sources/include/util/omc_error.h (deflated 73%)
  adding: sources/include/util/generic_array.h (deflated 51%)
  adding: sources/include/util/index_spec.c (deflated 65%)
  adding: sources/include/util/real_array.h (deflated 80%)
  adding: sources/include/util/modelica_string.h (deflated 71%)
  adding: sources/include/util/read_csv.c (deflated 71%)
  adding: sources/include/util/modelica_string_lit.c (deflated 91%)
  adding: sources/include/util/boolean_array.c (deflated 82%)
  adding: sources/include/util/simulation_options.h (deflated 61%)
  adding: sources/include/util/omc_init.c (deflated 47%)
  adding: sources/include/util/omc_spinlock.h (deflated 41%)
  adding: sources/include/util/utility.c (deflated 56%)
  adding: sources/include/util/uthash.h (deflated 81%)
  adding: sources/include/util/omc_mmap.c (deflated 66%)
  adding: sources/include/util/base_array.h (deflated 60%)
  adding: sources/include/util/omc_mmap.h (deflated 65%)
  adding: sources/include/util/ringbuffer.h (deflated 49%)
  adding: sources/include/util/base_array.c (deflated 75%)
  adding: sources/include/util/omc_init.h (deflated 47%)
  adding: sources/include/util/string_array.h (deflated 78%)
  adding: sources/include/util/rtclock.h (deflated 63%)
  adding: sources/include/util/boolean_array.h (deflated 78%)
  adding: sources/include/util/ringbuffer.c (deflated 67%)
  adding: sources/include/util/index_spec.h (deflated 49%)
  adding: sources/include/util/rational.c (deflated 65%)
  adding: sources/include/util/libcsv.h (deflated 68%)
  adding: sources/include/util/omc_msvc.c (deflated 57%)
  adding: sources/include/util/list.h (deflated 56%)
  adding: sources/include/util/ModelicaUtilities.c (deflated 63%)
  adding: sources/include/util/modelica_string.c (deflated 73%)
  adding: sources/include/util/modelica_string_lit.h (deflated 38%)
  adding: sources/include/util/varinfo.c (deflated 55%)
  adding: sources/include/util/libcsv.c (deflated 76%)
  adding: sources/include/util/memory_pool.h (deflated 49%)
  adding: sources/include/util/real_array.c (deflated 82%)
  adding: sources/include/util/read_matlab4.h (deflated 56%)
  adding: sources/include/util/generic_array.c (deflated 57%)
  adding: sources/include/util/cJSON.c (deflated 73%)
  adding: sources/include/util/integer_array.c (deflated 83%)
  adding: sources/include/util/rtclock.c (deflated 77%)
  adding: sources/include/util/division.h (deflated 60%)
  adding: sources/include/util/simulation_options.c (deflated 76%)
  adding: sources/include/util/read_matlab4.c (deflated 76%)
  adding: sources/include/util/read_csv.h (deflated 48%)
  adding: sources/include/util/integer_array.h (deflated 83%)
  adding: sources/include/util/omc_msvc.h (deflated 55%)
  adding: sources/include/util/division.c (deflated 64%)
  adding: sources/include/util/rational.h (deflated 53%)
  adding: sources/include/util/varinfo.h (deflated 46%)
  adding: sources/include/external_solvers/ (stored 0%)
  adding: sources/include/external_solvers/dlaswp.c (deflated 60%)
  adding: sources/include/external_solvers/s_cmp.c (deflated 55%)
  adding: sources/include/external_solvers/minpack.h (deflated 85%)
  adding: sources/include/external_solvers/xerbla.c (deflated 51%)
  adding: sources/include/external_solvers/dgetf2.c (deflated 62%)
  adding: sources/include/external_solvers/idamax.c (deflated 58%)
  adding: sources/include/external_solvers/ztrmm.c (deflated 80%)
  adding: sources/include/external_solvers/iparmq.c (deflated 68%)
  adding: sources/include/external_solvers/zcopy.c (deflated 56%)
  adding: sources/include/external_solvers/lsame.c (deflated 60%)
  adding: sources/include/external_solvers/ilazlc.c (deflated 57%)
  adding: sources/include/external_solvers/dgesv.c (deflated 62%)
  adding: sources/include/external_solvers/r1mpyq_.c (deflated 65%)
  adding: sources/include/external_solvers/zungl2.c (deflated 64%)
  adding: sources/include/external_solvers/zscal.c (deflated 57%)
  adding: sources/include/external_solvers/zungbr.c (deflated 69%)
  adding: sources/include/external_solvers/blaswrap.h (deflated 78%)
  adding: sources/include/external_solvers/zungqr.c (deflated 66%)
  adding: sources/include/external_solvers/ilaenv.c (deflated 80%)
  adding: sources/include/external_solvers/dtrtrs.c (deflated 65%)
  adding: sources/include/external_solvers/zlarft.c (deflated 73%)
  adding: sources/include/external_solvers/ieeeck.c (deflated 67%)
  adding: sources/include/external_solvers/enorm_.c (deflated 59%)
  adding: sources/include/external_solvers/d_cnjg.c (deflated 37%)
  adding: sources/include/external_solvers/ztrmv.c (deflated 80%)
  adding: sources/include/external_solvers/pow_di.c (deflated 43%)
  adding: sources/include/external_solvers/dpmpar_.c (deflated 73%)
  adding: sources/include/external_solvers/dgetrf.c (deflated 64%)
  adding: sources/include/external_solvers/cminpack.h (deflated 82%)
  adding: sources/include/external_solvers/i_len.c (deflated 34%)
  adding: sources/include/external_solvers/zunglq.c (deflated 66%)
  adding: sources/include/external_solvers/zgemv.c (deflated 75%)
  adding: sources/include/external_solvers/dgemm.c (deflated 75%)
  adding: sources/include/external_solvers/dgetrs.c (deflated 66%)
  adding: sources/include/external_solvers/s_copy.c (deflated 52%)
  adding: sources/include/external_solvers/i_nint.c (deflated 36%)
  adding: sources/include/external_solvers/f2c.h (deflated 66%)
  adding: sources/include/external_solvers/dger.c (deflated 66%)
  adding: sources/include/external_solvers/zgemm.c (deflated 83%)
  adding: sources/include/external_solvers/zung2r.c (deflated 63%)
  adding: sources/include/external_solvers/hybrj_.c (deflated 71%)
  adding: sources/include/external_solvers/dtrsm.c (deflated 76%)
  adding: sources/include/external_solvers/dscal.c (deflated 58%)
  adding: sources/include/external_solvers/zlarfb.c (deflated 86%)
  adding: sources/include/external_solvers/ilazlr.c (deflated 57%)
  adding: sources/include/external_solvers/zgerc.c (deflated 68%)
  adding: sources/include/external_solvers/dlamch.c (deflated 74%)
  adding: sources/include/external_solvers/qform_.c (deflated 60%)
  adding: sources/include/external_solvers/r1updt_.c (deflated 67%)
  adding: sources/include/external_solvers/qrfac_.c (deflated 65%)
  adding: sources/include/external_solvers/dswap.c (deflated 59%)
  adding: sources/include/external_solvers/zlacgv.c (deflated 56%)
  adding: sources/include/external_solvers/zlarf.c (deflated 65%)
  adding: sources/include/external_solvers/clapack.h (deflated 91%)
  adding: sources/include/external_solvers/dogleg_.c (deflated 66%)
  adding: sources/include/simulation_data.h (deflated 73%)
  adding: sources/include/gc_config_macros.h (deflated 73%)
  adding: sources/SerialTanks_05evt.c (deflated 63%)
  adding: sources/SerialTanks_FMU.libs (stored 0%)
  adding: sources/SerialTanks_model.h (deflated 89%)
  adding: sources/SerialTanks_10asr.c (deflated 57%)
  adding: sources/SerialTanks_07dly.c (deflated 57%)
  adding: sources/SerialTanks_08bnd.c (deflated 68%)
  adding: sources/SerialTanks_14lnz.c (deflated 65%)
  adding: sources/SerialTanks_info.c (deflated 95%)
  adding: sources/SerialTanks_02nls.c (deflated 58%)
  adding: sources/configure (deflated 75%)
  adding: sources/SerialTanks_13opt.c (deflated 62%)
  adding: sources/SerialTanks_04set.c (deflated 58%)
  adding: sources/SerialTanks_FMU.c (deflated 89%)
  adding: sources/Makefile.in (deflated 59%)
  adding: sources/SerialTanks_literals.h (deflated 59%)
  adding: sources/SerialTanks.c (deflated 83%)
  adding: sources/SerialTanks_functions.c (deflated 43%)
  adding: sources/config.guess (deflated 70%)
  adding: sources/SerialTanks_records.c (deflated 25%)
  adding: sources/SerialTanks_06inz.c (deflated 87%)
make: Leaving directory `/home/ozi/Documents/adevs-code/examples/fmi/parallelFMI/MultiTankSystems/1-FMU/SerialTanks.fmutmp/sources'
